-------------------------------------------------------------------------------
Test set: com.example.demo.EurekaServerApplicationTests
-------------------------------------------------------------------------------
Tests run: 1, Failures: 0, Errors: 1, Skipped: 0, Time elapsed: 1.438 s <<< FAILURE! - in com.example.demo.EurekaServerApplicationTests
contextLoads(com.example.demo.EurekaServerApplicationTests)  Time elapsed: 0.001 s  <<< ERROR!
java.lang.NoSuchMethodError: org.springframework.boot.builder.SpringApplicationBuilder.<init>([Ljava/lang/Object;)V

