<?xml version="1.0" encoding="UTF-8"?>
<testsuite xmlns:xsi="http://www.w3.org/2001/XMLSchema-instance" xsi:noNamespaceSchemaLocation="https://maven.apache.org/surefire/maven-surefire-plugin/xsd/surefire-test-report.xsd" name="com.example.demo.EurekaServerApplicationTests" time="1.438" tests="1" errors="1" skipped="0" failures="0">
  <properties>
[...]
</properties>
  <testcase name="contextLoads" classname="com.example.demo.EurekaServerApplicationTests" time="0.001">
    <error message="org.springframework.boot.builder.SpringApplicationBuilder.&lt;init&gt;([Ljava/lang/Object;)V" type="java.lang.NoSuchMethodError"><![CDATA[java.lang.NoSuchMethodError: org.springframework.boot.builder.SpringApplicationBuilder.<init>([Ljava/lang/Object;)V
]]></error>
    <system-out><![CDATA[10:15:49.041 [main] DEBUG org.springframework.test.context.junit4.SpringJUnit4ClassRunner - SpringJUnit4ClassRunner constructor called with [class com.example.demo.EurekaServerApplicationTests]
10:15:49.048 [main] DEBUG org.springframework.test.context.BootstrapUtils - Instantiating CacheAwareContextLoaderDelegate from class [org.springframework.test.context.cache.DefaultCacheAwareContextLoaderDelegate]
10:15:49.057 [main] DEBUG org.springframework.test.context.BootstrapUtils - Instantiating BootstrapContext using constructor [public org.springframework.test.context.support.DefaultBootstrapContext(java.lang.Class,org.springframework.test.context.CacheAwareContextLoaderDelegate)]
10:15:49.078 [main] DEBUG org.springframework.test.context.BootstrapUtils - Instantiating TestContextBootstrapper for test class [com.example.demo.EurekaServerApplicationTests] from class [org.springframework.boot.test.context.SpringBootTestContextBootstrapper]
10:15:49.091 [main] INFO org.springframework.boot.test.context.SpringBootTestContextBootstrapper - Neither @ContextConfiguration nor @ContextHierarchy found for test class [com.example.demo.EurekaServerApplicationTests], using SpringBootContextLoader
10:15:49.095 [main] DEBUG org.springframework.test.context.support.AbstractContextLoader - Did not detect default resource location for test class [com.example.demo.EurekaServerApplicationTests]: class path resource [com/example/demo/EurekaServerApplicationTests-context.xml] does not exist
10:15:49.095 [main] DEBUG org.springframework.test.context.support.AbstractContextLoader - Did not detect default resource location for test class [com.example.demo.EurekaServerApplicationTests]: class path resource [com/example/demo/EurekaServerApplicationTestsContext.groovy] does not exist
10:15:49.096 [main] INFO org.springframework.test.context.support.AbstractContextLoader - Could not detect default resource locations for test class [com.example.demo.EurekaServerApplicationTests]: no resource found for suffixes {-context.xml, Context.groovy}.
10:15:49.096 [main] INFO org.springframework.test.context.support.AnnotationConfigContextLoaderUtils - Could not detect default configuration classes for test class [com.example.demo.EurekaServerApplicationTests]: EurekaServerApplicationTests does not declare any static, non-private, non-final, nested classes annotated with @Configuration.
10:15:49.153 [main] DEBUG org.springframework.test.context.support.ActiveProfilesUtils - Could not find an 'annotation declaring class' for annotation type [org.springframework.test.context.ActiveProfiles] and class [com.example.demo.EurekaServerApplicationTests]
10:15:49.162 [main] DEBUG org.springframework.core.env.StandardEnvironment - Adding PropertySource 'systemProperties' with lowest search precedence
10:15:49.163 [main] DEBUG org.springframework.core.env.StandardEnvironment - Adding PropertySource 'systemEnvironment' with lowest search precedence
10:15:49.163 [main] DEBUG org.springframework.core.env.StandardEnvironment - Initialized StandardEnvironment with PropertySources [MapPropertySource@1397616978 {name='systemProperties', properties={java.runtime.name=Java(TM) SE Runtime Environment, sun.boot.library.path=C:\Program Files\Java\jdk1.8.0_66\jre\bin, java.vm.version=25.66-b18, java.vm.vendor=Oracle Corporation, java.vendor.url=http://java.oracle.com/, path.separator=;, java.vm.name=Java HotSpot(TM) 64-Bit Server VM, file.encoding.pkg=sun.io, user.country=CN, user.script=, sun.java.launcher=SUN_STANDARD, sun.os.patch.level=Service Pack 1, java.vm.specification.name=Java Virtual Machine Specification, user.dir=D:\workspacetest\ms-eureka-server, java.runtime.version=1.8.0_66-b18, basedir=D:\workspacetest\ms-eureka-server, java.awt.graphicsenv=sun.awt.Win32GraphicsEnvironment, java.endorsed.dirs=C:\Program Files\Java\jdk1.8.0_66\jre\lib\endorsed, os.arch=amd64, surefire.real.class.path=C:\Users\KSD\AppData\Local\Temp\surefire8821856275345026934\surefirebooter3100017208766714432.jar, java.io.tmpdir=C:\Users\KSD\AppData\Local\Temp\, line.separator=
, java.vm.specification.vendor=Oracle Corporation, user.variant=, os.name=Windows 7, sun.jnu.encoding=GBK, java.library.path=C:\Program Files\Java\jdk1.8.0_66\jre\bin;C:\Windows\Sun\Java\bin;C:\Windows\system32;C:\Windows;C:/Program Files/Java/jre1.8.0_66/bin/server;C:/Program Files/Java/jre1.8.0_66/bin;C:/Program Files/Java/jre1.8.0_66/lib/amd64;C:\ProgramData\Oracle\Java\javapath;C:\Windows\system32;C:\Windows;C:\Windows\System32\Wbem;C:\Windows\System32\WindowsPowerShell\v1.0\;C:\Program Files\Java\jdk1.8.0_66\bin;C:\Program Files\Java\jdk1.8.0_66\jre\bin;D:\software\maven\apache-maven-3.2.5\bin;D:\software\svn\bin;D:\software\eclipse;;., surefire.test.class.path=D:\workspacetest\ms-eureka-server\target\test-classes;D:\workspacetest\ms-eureka-server\target\classes;D:\maventest_jar\org\springframework\cloud\spring-cloud-starter-eureka-server\1.2.7.RELEASE\spring-cloud-starter-eureka-server-1.2.7.RELEASE.jar;D:\maventest_jar\org\springframework\cloud\spring-cloud-starter\1.1.9.RELEASE\spring-cloud-starter-1.1.9.RELEASE.jar;D:\maventest_jar\org\springframework\cloud\spring-cloud-context\1.1.9.RELEASE\spring-cloud-context-1.1.9.RELEASE.jar;D:\maventest_jar\org\springframework\security\spring-security-crypto\5.0.5.RELEASE\spring-security-crypto-5.0.5.RELEASE.jar;D:\maventest_jar\org\springframework\cloud\spring-cloud-commons\1.1.9.RELEASE\spring-cloud-commons-1.1.9.RELEASE.jar;D:\maventest_jar\org\springframework\security\spring-security-rsa\1.0.3.RELEASE\spring-security-rsa-1.0.3.RELEASE.jar;D:\maventest_jar\org\bouncycastle\bcpkix-jdk15on\1.55\bcpkix-jdk15on-1.55.jar;D:\maventest_jar\org\bouncycastle\bcprov-jdk15on\1.55\bcprov-jdk15on-1.55.jar;D:\maventest_jar\org\springframework\cloud\spring-cloud-netflix-eureka-server\1.2.7.RELEASE\spring-cloud-netflix-eureka-server-1.2.7.RELEASE.jar;D:\maventest_jar\org\springframework\boot\spring-boot-starter-web\2.0.2.RELEASE\spring-boot-starter-web-2.0.2.RELEASE.jar;D:\maventest_jar\org\springframework\boot\spring-boot-starter-json\2.0.2.RELEASE\spring-boot-starter-json-2.0.2.RELEASE.jar;D:\maventest_jar\com\fasterxml\jackson\datatype\jackson-datatype-jdk8\2.9.5\jackson-datatype-jdk8-2.9.5.jar;D:\maventest_jar\com\fasterxml\jackson\datatype\jackson-datatype-jsr310\2.9.5\jackson-datatype-jsr310-2.9.5.jar;D:\maventest_jar\com\fasterxml\jackson\module\jackson-module-parameter-names\2.9.5\jackson-module-parameter-names-2.9.5.jar;D:\maventest_jar\org\springframework\boot\spring-boot-starter-tomcat\2.0.2.RELEASE\spring-boot-starter-tomcat-2.0.2.RELEASE.jar;D:\maventest_jar\org\apache\tomcat\embed\tomcat-embed-core\8.5.31\tomcat-embed-core-8.5.31.jar;D:\maventest_jar\org\apache\tomcat\embed\tomcat-embed-el\8.5.31\tomcat-embed-el-8.5.31.jar;D:\maventest_jar\org\apache\tomcat\embed\tomcat-embed-websocket\8.5.31\tomcat-embed-websocket-8.5.31.jar;D:\maventest_jar\org\hibernate\validator\hibernate-validator\6.0.9.Final\hibernate-validator-6.0.9.Final.jar;D:\maventest_jar\javax\validation\validation-api\2.0.1.Final\validation-api-2.0.1.Final.jar;D:\maventest_jar\org\jboss\logging\jboss-logging\3.3.2.Final\jboss-logging-3.3.2.Final.jar;D:\maventest_jar\com\fasterxml\classmate\1.3.4\classmate-1.3.4.jar;D:\maventest_jar\org\springframework\spring-web\5.0.6.RELEASE\spring-web-5.0.6.RELEASE.jar;D:\maventest_jar\org\springframework\spring-beans\5.0.6.RELEASE\spring-beans-5.0.6.RELEASE.jar;D:\maventest_jar\org\springframework\spring-webmvc\5.0.6.RELEASE\spring-webmvc-5.0.6.RELEASE.jar;D:\maventest_jar\org\springframework\spring-aop\5.0.6.RELEASE\spring-aop-5.0.6.RELEASE.jar;D:\maventest_jar\org\springframework\spring-expression\5.0.6.RELEASE\spring-expression-5.0.6.RELEASE.jar;D:\maventest_jar\org\springframework\boot\spring-boot-starter-actuator\2.0.2.RELEASE\spring-boot-starter-actuator-2.0.2.RELEASE.jar;D:\maventest_jar\org\springframework\boot\spring-boot-actuator-autoconfigure\2.0.2.RELEASE\spring-boot-actuator-autoconfigure-2.0.2.RELEASE.jar;D:\maventest_jar\org\springframework\boot\spring-boot-actuator\2.0.2.RELEASE\spring-boot-actuator-2.0.2.RELEASE.jar;D:\maventest_jar\io\micrometer\micrometer-core\1.0.4\micrometer-core-1.0.4.jar;D:\maventest_jar\org\hdrhistogram\HdrHistogram\2.1.10\HdrHistogram-2.1.10.jar;D:\maventest_jar\org\latencyutils\LatencyUtils\2.0.3\LatencyUtils-2.0.3.jar;D:\maventest_jar\org\springframework\boot\spring-boot-starter-freemarker\2.0.2.RELEASE\spring-boot-starter-freemarker-2.0.2.RELEASE.jar;D:\maventest_jar\org\freemarker\freemarker\2.3.28\freemarker-2.3.28.jar;D:\maventest_jar\org\springframework\spring-context-support\5.0.6.RELEASE\spring-context-support-5.0.6.RELEASE.jar;D:\maventest_jar\org\springframework\cloud\spring-cloud-netflix-core\1.2.7.RELEASE\spring-cloud-netflix-core-1.2.7.RELEASE.jar;D:\maventest_jar\org\springframework\cloud\spring-cloud-netflix-eureka-client\1.2.7.RELEASE\spring-cloud-netflix-eureka-client-1.2.7.RELEASE.jar;D:\maventest_jar\com\netflix\eureka\eureka-client\1.4.12\eureka-client-1.4.12.jar;D:\maventest_jar\org\codehaus\jettison\jettison\1.3.7\jettison-1.3.7.jar;D:\maventest_jar\stax\stax-api\1.0.1\stax-api-1.0.1.jar;D:\maventest_jar\com\netflix\netflix-commons\netflix-eventbus\0.3.0\netflix-eventbus-0.3.0.jar;D:\maventest_jar\com\netflix\netflix-commons\netflix-infix\0.3.0\netflix-infix-0.3.0.jar;D:\maventest_jar\commons-jxpath\commons-jxpath\1.3\commons-jxpath-1.3.jar;D:\maventest_jar\joda-time\joda-time\2.9.9\joda-time-2.9.9.jar;D:\maventest_jar\org\antlr\antlr-runtime\3.4\antlr-runtime-3.4.jar;D:\maventest_jar\org\antlr\stringtemplate\3.2.1\stringtemplate-3.2.1.jar;D:\maventest_jar\antlr\antlr\2.7.7\antlr-2.7.7.jar;D:\maventest_jar\com\google\code\gson\gson\2.8.4\gson-2.8.4.jar;D:\maventest_jar\org\apache\commons\commons-math\2.2\commons-math-2.2.jar;D:\maventest_jar\javax\ws\rs\jsr311-api\1.1.1\jsr311-api-1.1.1.jar;D:\maventest_jar\com\netflix\servo\servo-core\0.10.1\servo-core-0.10.1.jar;D:\maventest_jar\com\netflix\servo\servo-internal\0.10.1\servo-internal-0.10.1.jar;D:\maventest_jar\com\sun\jersey\jersey-core\1.19.1\jersey-core-1.19.1.jar;D:\maventest_jar\com\sun\jersey\jersey-client\1.19.1\jersey-client-1.19.1.jar;D:\maventest_jar\com\sun\jersey\contribs\jersey-apache-client4\1.19.1\jersey-apache-client4-1.19.1.jar;D:\maventest_jar\org\apache\httpcomponents\httpclient\4.5.5\httpclient-4.5.5.jar;D:\maventest_jar\org\apache\httpcomponents\httpcore\4.4.9\httpcore-4.4.9.jar;D:\maventest_jar\commons-codec\commons-codec\1.11\commons-codec-1.11.jar;D:\maventest_jar\com\google\inject\guice\4.0\guice-4.0.jar;D:\maventest_jar\aopalliance\aopalliance\1.0\aopalliance-1.0.jar;D:\maventest_jar\com\netflix\governator\governator-api\1.12.10\governator-api-1.12.10.jar;D:\maventest_jar\com\sun\jersey\jersey-servlet\1.19.1\jersey-servlet-1.19.1.jar;D:\maventest_jar\com\sun\jersey\jersey-server\1.19.1\jersey-server-1.19.1.jar;D:\maventest_jar\com\netflix\eureka\eureka-core\1.4.12\eureka-core-1.4.12.jar;D:\maventest_jar\com\netflix\governator\governator\1.12.10\governator-1.12.10.jar;D:\maventest_jar\com\netflix\governator\governator-core\1.12.10\governator-core-1.12.10.jar;D:\maventest_jar\com\google\inject\extensions\guice-multibindings\4.0\guice-multibindings-4.0.jar;D:\maventest_jar\com\google\inject\extensions\guice-grapher\4.0\guice-grapher-4.0.jar;D:\maventest_jar\com\google\inject\extensions\guice-assistedinject\4.0\guice-assistedinject-4.0.jar;D:\maventest_jar\org\hibernate\hibernate-validator\4.1.0.Final\hibernate-validator-4.1.0.Final.jar;D:\maventest_jar\org\ow2\asm\asm\5.0.4\asm-5.0.4.jar;D:\maventest_jar\org\codehaus\woodstox\woodstox-core-asl\4.4.1\woodstox-core-asl-4.4.1.jar;D:\maventest_jar\javax\xml\stream\stax-api\1.0-2\stax-api-1.0-2.jar;D:\maventest_jar\com\netflix\archaius\archaius-core\0.7.4\archaius-core-0.7.4.jar;D:\maventest_jar\com\google\code\findbugs\jsr305\3.0.1\jsr305-3.0.1.jar;D:\maventest_jar\javax\inject\javax.inject\1\javax.inject-1.jar;D:\maventest_jar\com\fasterxml\jackson\dataformat\jackson-dataformat-xml\2.9.5\jackson-dataformat-xml-2.9.5.jar;D:\maventest_jar\com\fasterxml\jackson\module\jackson-module-jaxb-annotations\2.9.5\jackson-module-jaxb-annotations-2.9.5.jar;D:\maventest_jar\org\codehaus\woodstox\stax2-api\3.1.4\stax2-api-3.1.4.jar;D:\maventest_jar\com\fasterxml\woodstox\woodstox-core\5.0.3\woodstox-core-5.0.3.jar;D:\maventest_jar\com\thoughtworks\xstream\xstream\1.4.9\xstream-1.4.9.jar;D:\maventest_jar\xmlpull\xmlpull\1.1.3.1\xmlpull-1.1.3.1.jar;D:\maventest_jar\xpp3\xpp3_min\1.1.4c\xpp3_min-1.1.4c.jar;D:\maventest_jar\org\springframework\cloud\spring-cloud-starter-archaius\1.2.7.RELEASE\spring-cloud-starter-archaius-1.2.7.RELEASE.jar;D:\maventest_jar\commons-configuration\commons-configuration\1.8\commons-configuration-1.8.jar;D:\maventest_jar\commons-lang\commons-lang\2.6\commons-lang-2.6.jar;D:\maventest_jar\com\fasterxml\jackson\core\jackson-annotations\2.9.0\jackson-annotations-2.9.0.jar;D:\maventest_jar\com\fasterxml\jackson\core\jackson-core\2.9.5\jackson-core-2.9.5.jar;D:\maventest_jar\com\fasterxml\jackson\core\jackson-databind\2.9.5\jackson-databind-2.9.5.jar;D:\maventest_jar\com\google\guava\guava\18.0\guava-18.0.jar;D:\maventest_jar\org\springframework\cloud\spring-cloud-starter-ribbon\1.2.7.RELEASE\spring-cloud-starter-ribbon-1.2.7.RELEASE.jar;D:\maventest_jar\com\netflix\ribbon\ribbon\2.2.0\ribbon-2.2.0.jar;D:\maventest_jar\com\netflix\ribbon\ribbon-transport\2.2.0\ribbon-transport-2.2.0.jar;D:\maventest_jar\io\reactivex\rxnetty-contexts\0.4.9\rxnetty-contexts-0.4.9.jar;D:\maventest_jar\io\reactivex\rxnetty-servo\0.4.9\rxnetty-servo-0.4.9.jar;D:\maventest_jar\com\netflix\hystrix\hystrix-core\1.5.6\hystrix-core-1.5.6.jar;D:\maventest_jar\io\reactivex\rxnetty\0.4.9\rxnetty-0.4.9.jar;D:\maventest_jar\io\netty\netty-codec-http\4.1.24.Final\netty-codec-http-4.1.24.Final.jar;D:\maventest_jar\io\netty\netty-codec\4.1.24.Final\netty-codec-4.1.24.Final.jar;D:\maventest_jar\io\netty\netty-transport-native-epoll\4.1.24.Final\netty-transport-native-epoll-4.1.24.Final.jar;D:\maventest_jar\io\netty\netty-common\4.1.24.Final\netty-common-4.1.24.Final.jar;D:\maventest_jar\io\netty\netty-buffer\4.1.24.Final\netty-buffer-4.1.24.Final.jar;D:\maventest_jar\io\netty\netty-transport-native-unix-common\4.1.24.Final\netty-transport-native-unix-common-4.1.24.Final.jar;D:\maventest_jar\io\netty\netty-transport\4.1.24.Final\netty-transport-4.1.24.Final.jar;D:\maventest_jar\io\netty\netty-resolver\4.1.24.Final\netty-resolver-4.1.24.Final.jar;D:\maventest_jar\com\netflix\ribbon\ribbon-core\2.2.0\ribbon-core-2.2.0.jar;D:\maventest_jar\com\netflix\ribbon\ribbon-httpclient\2.2.0\ribbon-httpclient-2.2.0.jar;D:\maventest_jar\commons-collections\commons-collections\3.2.1\commons-collections-3.2.1.jar;D:\maventest_jar\com\netflix\netflix-commons\netflix-commons-util\0.1.1\netflix-commons-util-0.1.1.jar;D:\maventest_jar\com\netflix\ribbon\ribbon-loadbalancer\2.2.0\ribbon-loadbalancer-2.2.0.jar;D:\maventest_jar\com\netflix\netflix-commons\netflix-statistics\0.1.1\netflix-statistics-0.1.1.jar;D:\maventest_jar\io\reactivex\rxjava\1.3.8\rxjava-1.3.8.jar;D:\maventest_jar\com\netflix\ribbon\ribbon-eureka\2.2.0\ribbon-eureka-2.2.0.jar;D:\maventest_jar\org\slf4j\slf4j-api\1.7.25\slf4j-api-1.7.25.jar;D:\maventest_jar\org\springframework\boot\spring-boot-starter-test\2.0.2.RELEASE\spring-boot-starter-test-2.0.2.RELEASE.jar;D:\maventest_jar\org\springframework\boot\spring-boot-starter\2.0.2.RELEASE\spring-boot-starter-2.0.2.RELEASE.jar;D:\maventest_jar\org\springframework\boot\spring-boot\2.0.2.RELEASE\spring-boot-2.0.2.RELEASE.jar;D:\maventest_jar\org\springframework\spring-context\5.0.6.RELEASE\spring-context-5.0.6.RELEASE.jar;D:\maventest_jar\org\springframework\boot\spring-boot-autoconfigure\2.0.2.RELEASE\spring-boot-autoconfigure-2.0.2.RELEASE.jar;D:\maventest_jar\org\springframework\boot\spring-boot-starter-logging\2.0.2.RELEASE\spring-boot-starter-logging-2.0.2.RELEASE.jar;D:\maventest_jar\ch\qos\logback\logback-classic\1.2.3\logback-classic-1.2.3.jar;D:\maventest_jar\ch\qos\logback\logback-core\1.2.3\logback-core-1.2.3.jar;D:\maventest_jar\org\apache\logging\log4j\log4j-to-slf4j\2.10.0\log4j-to-slf4j-2.10.0.jar;D:\maventest_jar\org\apache\logging\log4j\log4j-api\2.10.0\log4j-api-2.10.0.jar;D:\maventest_jar\org\slf4j\jul-to-slf4j\1.7.25\jul-to-slf4j-1.7.25.jar;D:\maventest_jar\javax\annotation\javax.annotation-api\1.3.2\javax.annotation-api-1.3.2.jar;D:\maventest_jar\org\yaml\snakeyaml\1.19\snakeyaml-1.19.jar;D:\maventest_jar\org\springframework\boot\spring-boot-test\2.0.2.RELEASE\spring-boot-test-2.0.2.RELEASE.jar;D:\maventest_jar\org\springframework\boot\spring-boot-test-autoconfigure\2.0.2.RELEASE\spring-boot-test-autoconfigure-2.0.2.RELEASE.jar;D:\maventest_jar\com\jayway\jsonpath\json-path\2.4.0\json-path-2.4.0.jar;D:\maventest_jar\net\minidev\json-smart\2.3\json-smart-2.3.jar;D:\maventest_jar\net\minidev\accessors-smart\1.2\accessors-smart-1.2.jar;D:\maventest_jar\junit\junit\4.12\junit-4.12.jar;D:\maventest_jar\org\assertj\assertj-core\3.9.1\assertj-core-3.9.1.jar;D:\maventest_jar\org\mockito\mockito-core\2.15.0\mockito-core-2.15.0.jar;D:\maventest_jar\net\bytebuddy\byte-buddy\1.7.11\byte-buddy-1.7.11.jar;D:\maventest_jar\net\bytebuddy\byte-buddy-agent\1.7.11\byte-buddy-agent-1.7.11.jar;D:\maventest_jar\org\objenesis\objenesis\2.6\objenesis-2.6.jar;D:\maventest_jar\org\hamcrest\hamcrest-core\1.3\hamcrest-core-1.3.jar;D:\maventest_jar\org\hamcrest\hamcrest-library\1.3\hamcrest-library-1.3.jar;D:\maventest_jar\org\skyscreamer\jsonassert\1.5.0\jsonassert-1.5.0.jar;D:\maventest_jar\com\vaadin\external\google\android-json\0.0.20131108.vaadin1\android-json-0.0.20131108.vaadin1.jar;D:\maventest_jar\org\springframework\spring-core\5.0.6.RELEASE\spring-core-5.0.6.RELEASE.jar;D:\maventest_jar\org\springframework\spring-jcl\5.0.6.RELEASE\spring-jcl-5.0.6.RELEASE.jar;D:\maventest_jar\org\springframework\spring-test\5.0.6.RELEASE\spring-test-5.0.6.RELEASE.jar;D:\maventest_jar\org\xmlunit\xmlunit-core\2.5.1\xmlunit-core-2.5.1.jar;, java.specification.name=Java Platform API Specification, java.class.version=52.0, sun.management.compiler=HotSpot 64-Bit Tiered Compilers, os.version=6.1, user.home=C:\Users\KSD, user.timezone=Asia/Shanghai, java.awt.printerjob=sun.awt.windows.WPrinterJob, file.encoding=GBK, java.specification.version=1.8, java.class.path=D:\workspacetest\ms-eureka-server\target\test-classes;D:\workspacetest\ms-eureka-server\target\classes;D:\maventest_jar\org\springframework\cloud\spring-cloud-starter-eureka-server\1.2.7.RELEASE\spring-cloud-starter-eureka-server-1.2.7.RELEASE.jar;D:\maventest_jar\org\springframework\cloud\spring-cloud-starter\1.1.9.RELEASE\spring-cloud-starter-1.1.9.RELEASE.jar;D:\maventest_jar\org\springframework\cloud\spring-cloud-context\1.1.9.RELEASE\spring-cloud-context-1.1.9.RELEASE.jar;D:\maventest_jar\org\springframework\security\spring-security-crypto\5.0.5.RELEASE\spring-security-crypto-5.0.5.RELEASE.jar;D:\maventest_jar\org\springframework\cloud\spring-cloud-commons\1.1.9.RELEASE\spring-cloud-commons-1.1.9.RELEASE.jar;D:\maventest_jar\org\springframework\security\spring-security-rsa\1.0.3.RELEASE\spring-security-rsa-1.0.3.RELEASE.jar;D:\maventest_jar\org\bouncycastle\bcpkix-jdk15on\1.55\bcpkix-jdk15on-1.55.jar;D:\maventest_jar\org\bouncycastle\bcprov-jdk15on\1.55\bcprov-jdk15on-1.55.jar;D:\maventest_jar\org\springframework\cloud\spring-cloud-netflix-eureka-server\1.2.7.RELEASE\spring-cloud-netflix-eureka-server-1.2.7.RELEASE.jar;D:\maventest_jar\org\springframework\boot\spring-boot-starter-web\2.0.2.RELEASE\spring-boot-starter-web-2.0.2.RELEASE.jar;D:\maventest_jar\org\springframework\boot\spring-boot-starter-json\2.0.2.RELEASE\spring-boot-starter-json-2.0.2.RELEASE.jar;D:\maventest_jar\com\fasterxml\jackson\datatype\jackson-datatype-jdk8\2.9.5\jackson-datatype-jdk8-2.9.5.jar;D:\maventest_jar\com\fasterxml\jackson\datatype\jackson-datatype-jsr310\2.9.5\jackson-datatype-jsr310-2.9.5.jar;D:\maventest_jar\com\fasterxml\jackson\module\jackson-module-parameter-names\2.9.5\jackson-module-parameter-names-2.9.5.jar;D:\maventest_jar\org\springframework\boot\spring-boot-starter-tomcat\2.0.2.RELEASE\spring-boot-starter-tomcat-2.0.2.RELEASE.jar;D:\maventest_jar\org\apache\tomcat\embed\tomcat-embed-core\8.5.31\tomcat-embed-core-8.5.31.jar;D:\maventest_jar\org\apache\tomcat\embed\tomcat-embed-el\8.5.31\tomcat-embed-el-8.5.31.jar;D:\maventest_jar\org\apache\tomcat\embed\tomcat-embed-websocket\8.5.31\tomcat-embed-websocket-8.5.31.jar;D:\maventest_jar\org\hibernate\validator\hibernate-validator\6.0.9.Final\hibernate-validator-6.0.9.Final.jar;D:\maventest_jar\javax\validation\validation-api\2.0.1.Final\validation-api-2.0.1.Final.jar;D:\maventest_jar\org\jboss\logging\jboss-logging\3.3.2.Final\jboss-logging-3.3.2.Final.jar;D:\maventest_jar\com\fasterxml\classmate\1.3.4\classmate-1.3.4.jar;D:\maventest_jar\org\springframework\spring-web\5.0.6.RELEASE\spring-web-5.0.6.RELEASE.jar;D:\maventest_jar\org\springframework\spring-beans\5.0.6.RELEASE\spring-beans-5.0.6.RELEASE.jar;D:\maventest_jar\org\springframework\spring-webmvc\5.0.6.RELEASE\spring-webmvc-5.0.6.RELEASE.jar;D:\maventest_jar\org\springframework\spring-aop\5.0.6.RELEASE\spring-aop-5.0.6.RELEASE.jar;D:\maventest_jar\org\springframework\spring-expression\5.0.6.RELEASE\spring-expression-5.0.6.RELEASE.jar;D:\maventest_jar\org\springframework\boot\spring-boot-starter-actuator\2.0.2.RELEASE\spring-boot-starter-actuator-2.0.2.RELEASE.jar;D:\maventest_jar\org\springframework\boot\spring-boot-actuator-autoconfigure\2.0.2.RELEASE\spring-boot-actuator-autoconfigure-2.0.2.RELEASE.jar;D:\maventest_jar\org\springframework\boot\spring-boot-actuator\2.0.2.RELEASE\spring-boot-actuator-2.0.2.RELEASE.jar;D:\maventest_jar\io\micrometer\micrometer-core\1.0.4\micrometer-core-1.0.4.jar;D:\maventest_jar\org\hdrhistogram\HdrHistogram\2.1.10\HdrHistogram-2.1.10.jar;D:\maventest_jar\org\latencyutils\LatencyUtils\2.0.3\LatencyUtils-2.0.3.jar;D:\maventest_jar\org\springframework\boot\spring-boot-starter-freemarker\2.0.2.RELEASE\spring-boot-starter-freemarker-2.0.2.RELEASE.jar;D:\maventest_jar\org\freemarker\freemarker\2.3.28\freemarker-2.3.28.jar;D:\maventest_jar\org\springframework\spring-context-support\5.0.6.RELEASE\spring-context-support-5.0.6.RELEASE.jar;D:\maventest_jar\org\springframework\cloud\spring-cloud-netflix-core\1.2.7.RELEASE\spring-cloud-netflix-core-1.2.7.RELEASE.jar;D:\maventest_jar\org\springframework\cloud\spring-cloud-netflix-eureka-client\1.2.7.RELEASE\spring-cloud-netflix-eureka-client-1.2.7.RELEASE.jar;D:\maventest_jar\com\netflix\eureka\eureka-client\1.4.12\eureka-client-1.4.12.jar;D:\maventest_jar\org\codehaus\jettison\jettison\1.3.7\jettison-1.3.7.jar;D:\maventest_jar\stax\stax-api\1.0.1\stax-api-1.0.1.jar;D:\maventest_jar\com\netflix\netflix-commons\netflix-eventbus\0.3.0\netflix-eventbus-0.3.0.jar;D:\maventest_jar\com\netflix\netflix-commons\netflix-infix\0.3.0\netflix-infix-0.3.0.jar;D:\maventest_jar\commons-jxpath\commons-jxpath\1.3\commons-jxpath-1.3.jar;D:\maventest_jar\joda-time\joda-time\2.9.9\joda-time-2.9.9.jar;D:\maventest_jar\org\antlr\antlr-runtime\3.4\antlr-runtime-3.4.jar;D:\maventest_jar\org\antlr\stringtemplate\3.2.1\stringtemplate-3.2.1.jar;D:\maventest_jar\antlr\antlr\2.7.7\antlr-2.7.7.jar;D:\maventest_jar\com\google\code\gson\gson\2.8.4\gson-2.8.4.jar;D:\maventest_jar\org\apache\commons\commons-math\2.2\commons-math-2.2.jar;D:\maventest_jar\javax\ws\rs\jsr311-api\1.1.1\jsr311-api-1.1.1.jar;D:\maventest_jar\com\netflix\servo\servo-core\0.10.1\servo-core-0.10.1.jar;D:\maventest_jar\com\netflix\servo\servo-internal\0.10.1\servo-internal-0.10.1.jar;D:\maventest_jar\com\sun\jersey\jersey-core\1.19.1\jersey-core-1.19.1.jar;D:\maventest_jar\com\sun\jersey\jersey-client\1.19.1\jersey-client-1.19.1.jar;D:\maventest_jar\com\sun\jersey\contribs\jersey-apache-client4\1.19.1\jersey-apache-client4-1.19.1.jar;D:\maventest_jar\org\apache\httpcomponents\httpclient\4.5.5\httpclient-4.5.5.jar;D:\maventest_jar\org\apache\httpcomponents\httpcore\4.4.9\httpcore-4.4.9.jar;D:\maventest_jar\commons-codec\commons-codec\1.11\commons-codec-1.11.jar;D:\maventest_jar\com\google\inject\guice\4.0\guice-4.0.jar;D:\maventest_jar\aopalliance\aopalliance\1.0\aopalliance-1.0.jar;D:\maventest_jar\com\netflix\governator\governator-api\1.12.10\governator-api-1.12.10.jar;D:\maventest_jar\com\sun\jersey\jersey-servlet\1.19.1\jersey-servlet-1.19.1.jar;D:\maventest_jar\com\sun\jersey\jersey-server\1.19.1\jersey-server-1.19.1.jar;D:\maventest_jar\com\netflix\eureka\eureka-core\1.4.12\eureka-core-1.4.12.jar;D:\maventest_jar\com\netflix\governator\governator\1.12.10\governator-1.12.10.jar;D:\maventest_jar\com\netflix\governator\governator-core\1.12.10\governator-core-1.12.10.jar;D:\maventest_jar\com\google\inject\extensions\guice-multibindings\4.0\guice-multibindings-4.0.jar;D:\maventest_jar\com\google\inject\extensions\guice-grapher\4.0\guice-grapher-4.0.jar;D:\maventest_jar\com\google\inject\extensions\guice-assistedinject\4.0\guice-assistedinject-4.0.jar;D:\maventest_jar\org\hibernate\hibernate-validator\4.1.0.Final\hibernate-validator-4.1.0.Final.jar;D:\maventest_jar\org\ow2\asm\asm\5.0.4\asm-5.0.4.jar;D:\maventest_jar\org\codehaus\woodstox\woodstox-core-asl\4.4.1\woodstox-core-asl-4.4.1.jar;D:\maventest_jar\javax\xml\stream\stax-api\1.0-2\stax-api-1.0-2.jar;D:\maventest_jar\com\netflix\archaius\archaius-core\0.7.4\archaius-core-0.7.4.jar;D:\maventest_jar\com\google\code\findbugs\jsr305\3.0.1\jsr305-3.0.1.jar;D:\maventest_jar\javax\inject\javax.inject\1\javax.inject-1.jar;D:\maventest_jar\com\fasterxml\jackson\dataformat\jackson-dataformat-xml\2.9.5\jackson-dataformat-xml-2.9.5.jar;D:\maventest_jar\com\fasterxml\jackson\module\jackson-module-jaxb-annotations\2.9.5\jackson-module-jaxb-annotations-2.9.5.jar;D:\maventest_jar\org\codehaus\woodstox\stax2-api\3.1.4\stax2-api-3.1.4.jar;D:\maventest_jar\com\fasterxml\woodstox\woodstox-core\5.0.3\woodstox-core-5.0.3.jar;D:\maventest_jar\com\thoughtworks\xstream\xstream\1.4.9\xstream-1.4.9.jar;D:\maventest_jar\xmlpull\xmlpull\1.1.3.1\xmlpull-1.1.3.1.jar;D:\maventest_jar\xpp3\xpp3_min\1.1.4c\xpp3_min-1.1.4c.jar;D:\maventest_jar\org\springframework\cloud\spring-cloud-starter-archaius\1.2.7.RELEASE\spring-cloud-starter-archaius-1.2.7.RELEASE.jar;D:\maventest_jar\commons-configuration\commons-configuration\1.8\commons-configuration-1.8.jar;D:\maventest_jar\commons-lang\commons-lang\2.6\commons-lang-2.6.jar;D:\maventest_jar\com\fasterxml\jackson\core\jackson-annotations\2.9.0\jackson-annotations-2.9.0.jar;D:\maventest_jar\com\fasterxml\jackson\core\jackson-core\2.9.5\jackson-core-2.9.5.jar;D:\maventest_jar\com\fasterxml\jackson\core\jackson-databind\2.9.5\jackson-databind-2.9.5.jar;D:\maventest_jar\com\google\guava\guava\18.0\guava-18.0.jar;D:\maventest_jar\org\springframework\cloud\spring-cloud-starter-ribbon\1.2.7.RELEASE\spring-cloud-starter-ribbon-1.2.7.RELEASE.jar;D:\maventest_jar\com\netflix\ribbon\ribbon\2.2.0\ribbon-2.2.0.jar;D:\maventest_jar\com\netflix\ribbon\ribbon-transport\2.2.0\ribbon-transport-2.2.0.jar;D:\maventest_jar\io\reactivex\rxnetty-contexts\0.4.9\rxnetty-contexts-0.4.9.jar;D:\maventest_jar\io\reactivex\rxnetty-servo\0.4.9\rxnetty-servo-0.4.9.jar;D:\maventest_jar\com\netflix\hystrix\hystrix-core\1.5.6\hystrix-core-1.5.6.jar;D:\maventest_jar\io\reactivex\rxnetty\0.4.9\rxnetty-0.4.9.jar;D:\maventest_jar\io\netty\netty-codec-http\4.1.24.Final\netty-codec-http-4.1.24.Final.jar;D:\maventest_jar\io\netty\netty-codec\4.1.24.Final\netty-codec-4.1.24.Final.jar;D:\maventest_jar\io\netty\netty-transport-native-epoll\4.1.24.Final\netty-transport-native-epoll-4.1.24.Final.jar;D:\maventest_jar\io\netty\netty-common\4.1.24.Final\netty-common-4.1.24.Final.jar;D:\maventest_jar\io\netty\netty-buffer\4.1.24.Final\netty-buffer-4.1.24.Final.jar;D:\maventest_jar\io\netty\netty-transport-native-unix-common\4.1.24.Final\netty-transport-native-unix-common-4.1.24.Final.jar;D:\maventest_jar\io\netty\netty-transport\4.1.24.Final\netty-transport-4.1.24.Final.jar;D:\maventest_jar\io\netty\netty-resolver\4.1.24.Final\netty-resolver-4.1.24.Final.jar;D:\maventest_jar\com\netflix\ribbon\ribbon-core\2.2.0\ribbon-core-2.2.0.jar;D:\maventest_jar\com\netflix\ribbon\ribbon-httpclient\2.2.0\ribbon-httpclient-2.2.0.jar;D:\maventest_jar\commons-collections\commons-collections\3.2.1\commons-collections-3.2.1.jar;D:\maventest_jar\com\netflix\netflix-commons\netflix-commons-util\0.1.1\netflix-commons-util-0.1.1.jar;D:\maventest_jar\com\netflix\ribbon\ribbon-loadbalancer\2.2.0\ribbon-loadbalancer-2.2.0.jar;D:\maventest_jar\com\netflix\netflix-commons\netflix-statistics\0.1.1\netflix-statistics-0.1.1.jar;D:\maventest_jar\io\reactivex\rxjava\1.3.8\rxjava-1.3.8.jar;D:\maventest_jar\com\netflix\ribbon\ribbon-eureka\2.2.0\ribbon-eureka-2.2.0.jar;D:\maventest_jar\org\slf4j\slf4j-api\1.7.25\slf4j-api-1.7.25.jar;D:\maventest_jar\org\springframework\boot\spring-boot-starter-test\2.0.2.RELEASE\spring-boot-starter-test-2.0.2.RELEASE.jar;D:\maventest_jar\org\springframework\boot\spring-boot-starter\2.0.2.RELEASE\spring-boot-starter-2.0.2.RELEASE.jar;D:\maventest_jar\org\springframework\boot\spring-boot\2.0.2.RELEASE\spring-boot-2.0.2.RELEASE.jar;D:\maventest_jar\org\springframework\spring-context\5.0.6.RELEASE\spring-context-5.0.6.RELEASE.jar;D:\maventest_jar\org\springframework\boot\spring-boot-autoconfigure\2.0.2.RELEASE\spring-boot-autoconfigure-2.0.2.RELEASE.jar;D:\maventest_jar\org\springframework\boot\spring-boot-starter-logging\2.0.2.RELEASE\spring-boot-starter-logging-2.0.2.RELEASE.jar;D:\maventest_jar\ch\qos\logback\logback-classic\1.2.3\logback-classic-1.2.3.jar;D:\maventest_jar\ch\qos\logback\logback-core\1.2.3\logback-core-1.2.3.jar;D:\maventest_jar\org\apache\logging\log4j\log4j-to-slf4j\2.10.0\log4j-to-slf4j-2.10.0.jar;D:\maventest_jar\org\apache\logging\log4j\log4j-api\2.10.0\log4j-api-2.10.0.jar;D:\maventest_jar\org\slf4j\jul-to-slf4j\1.7.25\jul-to-slf4j-1.7.25.jar;D:\maventest_jar\javax\annotation\javax.annotation-api\1.3.2\javax.annotation-api-1.3.2.jar;D:\maventest_jar\org\yaml\snakeyaml\1.19\snakeyaml-1.19.jar;D:\maventest_jar\org\springframework\boot\spring-boot-test\2.0.2.RELEASE\spring-boot-test-2.0.2.RELEASE.jar;D:\maventest_jar\org\springframework\boot\spring-boot-test-autoconfigure\2.0.2.RELEASE\spring-boot-test-autoconfigure-2.0.2.RELEASE.jar;D:\maventest_jar\com\jayway\jsonpath\json-path\2.4.0\json-path-2.4.0.jar;D:\maventest_jar\net\minidev\json-smart\2.3\json-smart-2.3.jar;D:\maventest_jar\net\minidev\accessors-smart\1.2\accessors-smart-1.2.jar;D:\maventest_jar\junit\junit\4.12\junit-4.12.jar;D:\maventest_jar\org\assertj\assertj-core\3.9.1\assertj-core-3.9.1.jar;D:\maventest_jar\org\mockito\mockito-core\2.15.0\mockito-core-2.15.0.jar;D:\maventest_jar\net\bytebuddy\byte-buddy\1.7.11\byte-buddy-1.7.11.jar;D:\maventest_jar\net\bytebuddy\byte-buddy-agent\1.7.11\byte-buddy-agent-1.7.11.jar;D:\maventest_jar\org\objenesis\objenesis\2.6\objenesis-2.6.jar;D:\maventest_jar\org\hamcrest\hamcrest-core\1.3\hamcrest-core-1.3.jar;D:\maventest_jar\org\hamcrest\hamcrest-library\1.3\hamcrest-library-1.3.jar;D:\maventest_jar\org\skyscreamer\jsonassert\1.5.0\jsonassert-1.5.0.jar;D:\maventest_jar\com\vaadin\external\google\android-json\0.0.20131108.vaadin1\android-json-0.0.20131108.vaadin1.jar;D:\maventest_jar\org\springframework\spring-core\5.0.6.RELEASE\spring-core-5.0.6.RELEASE.jar;D:\maventest_jar\org\springframework\spring-jcl\5.0.6.RELEASE\spring-jcl-5.0.6.RELEASE.jar;D:\maventest_jar\org\springframework\spring-test\5.0.6.RELEASE\spring-test-5.0.6.RELEASE.jar;D:\maventest_jar\org\xmlunit\xmlunit-core\2.5.1\xmlunit-core-2.5.1.jar;, user.name=KSD, java.vm.specification.version=1.8, sun.java.command=C:\Users\KSD\AppData\Local\Temp\surefire8821856275345026934\surefirebooter3100017208766714432.jar C:\Users\KSD\AppData\Local\Temp\surefire8821856275345026934 2018-06-14T10-15-41_509-jvmRun1 surefire2350177929644503989tmp surefire_18220141282569285156tmp, java.home=C:\Program Files\Java\jdk1.8.0_66\jre, sun.arch.data.model=64, user.language=zh, java.specification.vendor=Oracle Corporation, awt.toolkit=sun.awt.windows.WToolkit, java.vm.info=mixed mode, java.version=1.8.0_66, java.ext.dirs=C:\Program Files\Java\jdk1.8.0_66\jre\lib\ext;C:\Windows\Sun\Java\lib\ext, sun.boot.class.path=C:\Program Files\Java\jdk1.8.0_66\jre\lib\resources.jar;C:\Program Files\Java\jdk1.8.0_66\jre\lib\rt.jar;C:\Program Files\Java\jdk1.8.0_66\jre\lib\sunrsasign.jar;C:\Program Files\Java\jdk1.8.0_66\jre\lib\jsse.jar;C:\Program Files\Java\jdk1.8.0_66\jre\lib\jce.jar;C:\Program Files\Java\jdk1.8.0_66\jre\lib\charsets.jar;C:\Program Files\Java\jdk1.8.0_66\jre\lib\jfr.jar;C:\Program Files\Java\jdk1.8.0_66\jre\classes, java.vendor=Oracle Corporation, localRepository=D:\maventest_jar, file.separator=\, java.vendor.url.bug=http://bugreport.sun.com/bugreport/, sun.io.unicode.encoding=UnicodeLittle, sun.cpu.endian=little, sun.desktop=windows, sun.cpu.isalist=amd64}}, SystemEnvironmentPropertySource@1390835631 {name='systemEnvironment', properties={PATH=C:/Program Files/Java/jre1.8.0_66/bin/server;C:/Program Files/Java/jre1.8.0_66/bin;C:/Program Files/Java/jre1.8.0_66/lib/amd64;C:\ProgramData\Oracle\Java\javapath;C:\Windows\system32;C:\Windows;C:\Windows\System32\Wbem;C:\Windows\System32\WindowsPowerShell\v1.0\;C:\Program Files\Java\jdk1.8.0_66\bin;C:\Program Files\Java\jdk1.8.0_66\jre\bin;D:\software\maven\apache-maven-3.2.5\bin;D:\software\svn\bin;D:\software\eclipse;, LOCALAPPDATA=C:\Users\KSD\AppData\Local, PROCESSOR_LEVEL=6, SYSTEMDRIVE=C:, COMMONPROGRAMFILES(X86)=C:\Program Files (x86)\Common Files, FP_NO_HOST_CHECK=NO, USERDOMAIN=KSD-PC, LOGONSERVER=\\KSD-PC, JAVA_HOME=C:\Program Files\Java\jdk1.8.0_66, PROMPT=$P$G, SESSIONNAME=Console, ALLUSERSPROFILE=C:\ProgramData, PROGRAMFILES(X86)=C:\Program Files (x86), PROCESSOR_ARCHITECTURE=AMD64, JRE_HOME=C:\Program Files\Java\jre1.8.0_66, PROGRAMFILES=C:\Program Files, WINDOWS_TRACING_FLAGS=3, APPDATA=C:\Users\KSD\AppData\Roaming, PSMODULEPATH=C:\Windows\system32\WindowsPowerShell\v1.0\Modules\, PROGRAMW6432=C:\Program Files, PROGRAMDATA=C:\ProgramData, SYSTEMROOT=C:\Windows, USERNAME=KSD, PATHEXT=.COM;.EXE;.BAT;.CMD;.VBS;.VBE;.JS;.JSE;.WSF;.WSH;.MSC, OS=Windows_NT, COMMONPROGRAMW6432=C:\Program Files\Common Files, COMPUTERNAME=KSD-PC, COMMONPROGRAMFILES=C:\Program Files\Common Files, COMSPEC=C:\Windows\system32\cmd.exe, PROCESSOR_REVISION=3c03, CLASSPATH=.C:\Program Files\Java\jdk1.8.0_66\lib;C:\Program Files\Java\jdk1.8.0_66\lib\tools.jar, WINDIR=C:\Windows, =D:=D:\workspacetest\ms-eureka-server, HOMEPATH=\Users\KSD, TEMP=C:\Users\KSD\AppData\Local\Temp, HOMEDRIVE=C:, PROCESSOR_IDENTIFIER=Intel64 Family 6 Model 60 Stepping 3, GenuineIntel, USERPROFILE=C:\Users\KSD, TMP=C:\Users\KSD\AppData\Local\Temp, WINDOWS_TRACING_LOGFILE=C:\BVTBin\Tests\installpackage\csilogfile.log, M2_HOME=D:\software\maven\apache-maven-3.2.5, PUBLIC=C:\Users\Public, NUMBER_OF_PROCESSORS=4, =::=::\}}]
10:15:49.182 [main] DEBUG org.springframework.core.io.support.PathMatchingResourcePatternResolver - Resolved classpath location [com/example/demo/] to resources [URL [file:/D:/workspacetest/ms-eureka-server/target/test-classes/com/example/demo/], URL [file:/D:/workspacetest/ms-eureka-server/target/classes/com/example/demo/]]
10:15:49.182 [main] DEBUG org.springframework.core.io.support.PathMatchingResourcePatternResolver - Looking for matching resources in directory tree [D:\workspacetest\ms-eureka-server\target\test-classes\com\example\demo]
10:15:49.182 [main] DEBUG org.springframework.core.io.support.PathMatchingResourcePatternResolver - Searching directory [D:\workspacetest\ms-eureka-server\target\test-classes\com\example\demo] for files matching pattern [D:/workspacetest/ms-eureka-server/target/test-classes/com/example/demo/*.class]
10:15:49.185 [main] DEBUG org.springframework.core.io.support.PathMatchingResourcePatternResolver - Looking for matching resources in directory tree [D:\workspacetest\ms-eureka-server\target\classes\com\example\demo]
10:15:49.185 [main] DEBUG org.springframework.core.io.support.PathMatchingResourcePatternResolver - Searching directory [D:\workspacetest\ms-eureka-server\target\classes\com\example\demo] for files matching pattern [D:/workspacetest/ms-eureka-server/target/classes/com/example/demo/*.class]
10:15:49.186 [main] DEBUG org.springframework.core.io.support.PathMatchingResourcePatternResolver - Resolved location pattern [classpath*:com/example/demo/*.class] to resources [file [D:\workspacetest\ms-eureka-server\target\test-classes\com\example\demo\EurekaServerApplicationTests.class], file [D:\workspacetest\ms-eureka-server\target\classes\com\example\demo\EurekaServerApplication.class]]
10:15:49.242 [main] DEBUG org.springframework.context.annotation.ClassPathScanningCandidateComponentProvider - Identified candidate component class: file [D:\workspacetest\ms-eureka-server\target\classes\com\example\demo\EurekaServerApplication.class]
10:15:49.243 [main] INFO org.springframework.boot.test.context.SpringBootTestContextBootstrapper - Found @SpringBootConfiguration com.example.demo.EurekaServerApplication for test class com.example.demo.EurekaServerApplicationTests
10:15:49.402 [main] DEBUG org.springframework.boot.test.context.SpringBootTestContextBootstrapper - @TestExecutionListeners is not present for class [com.example.demo.EurekaServerApplicationTests]: using defaults.
10:15:49.403 [main] INFO org.springframework.boot.test.context.SpringBootTestContextBootstrapper - Loaded default TestExecutionListener class names from location [META-INF/spring.factories]: [org.springframework.boot.test.mock.mockito.MockitoTestExecutionListener, org.springframework.boot.test.mock.mockito.ResetMocksTestExecutionListener, org.springframework.boot.test.autoconfigure.restdocs.RestDocsTestExecutionListener, org.springframework.boot.test.autoconfigure.web.client.MockRestServiceServerResetTestExecutionListener, org.springframework.boot.test.autoconfigure.web.servlet.MockMvcPrintOnlyOnFailureTestExecutionListener, org.springframework.boot.test.autoconfigure.web.servlet.WebDriverTestExecutionListener, org.springframework.test.context.web.ServletTestExecutionListener, org.springframework.test.context.support.DirtiesContextBeforeModesTestExecutionListener, org.springframework.test.context.support.DependencyInjectionTestExecutionListener, org.springframework.test.context.support.DirtiesContextTestExecutionListener, org.springframework.test.context.transaction.TransactionalTestExecutionListener, org.springframework.test.context.jdbc.SqlScriptsTestExecutionListener]
10:15:49.430 [main] DEBUG org.springframework.boot.test.context.SpringBootTestContextBootstrapper - Skipping candidate TestExecutionListener [org.springframework.test.context.transaction.TransactionalTestExecutionListener] due to a missing dependency. Specify custom listener classes or make the default listener classes and their required dependencies available. Offending class: [org/springframework/transaction/interceptor/TransactionAttributeSource]
10:15:49.430 [main] DEBUG org.springframework.boot.test.context.SpringBootTestContextBootstrapper - Skipping candidate TestExecutionListener [org.springframework.test.context.jdbc.SqlScriptsTestExecutionListener] due to a missing dependency. Specify custom listener classes or make the default listener classes and their required dependencies available. Offending class: [org/springframework/transaction/interceptor/TransactionAttribute]
10:15:49.430 [main] INFO org.springframework.boot.test.context.SpringBootTestContextBootstrapper - Using TestExecutionListeners: [org.springframework.test.context.web.ServletTestExecutionListener@22e357dc, org.springframework.test.context.support.DirtiesContextBeforeModesTestExecutionListener@49912c99, org.springframework.boot.test.mock.mockito.MockitoTestExecutionListener@10163d6, org.springframework.boot.test.autoconfigure.SpringBootDependencyInjectionTestExecutionListener@2dde1bff, org.springframework.test.context.support.DirtiesContextTestExecutionListener@15bbf42f, org.springframework.boot.test.mock.mockito.ResetMocksTestExecutionListener@550ee7e5, org.springframework.boot.test.autoconfigure.restdocs.RestDocsTestExecutionListener@5f9b2141, org.springframework.boot.test.autoconfigure.web.client.MockRestServiceServerResetTestExecutionListener@247d8ae, org.springframework.boot.test.autoconfigure.web.servlet.MockMvcPrintOnlyOnFailureTestExecutionListener@48974e45, org.springframework.boot.test.autoconfigure.web.servlet.WebDriverTestExecutionListener@6a84a97d]
10:15:49.432 [main] DEBUG org.springframework.test.annotation.ProfileValueUtils - Retrieved @ProfileValueSourceConfiguration [null] for test class [com.example.demo.EurekaServerApplicationTests]
10:15:49.433 [main] DEBUG org.springframework.test.annotation.ProfileValueUtils - Retrieved ProfileValueSource type [class org.springframework.test.annotation.SystemProfileValueSource] for class [com.example.demo.EurekaServerApplicationTests]
10:15:49.435 [main] DEBUG org.springframework.test.annotation.ProfileValueUtils - Retrieved @ProfileValueSourceConfiguration [null] for test class [com.example.demo.EurekaServerApplicationTests]
10:15:49.435 [main] DEBUG org.springframework.test.annotation.ProfileValueUtils - Retrieved ProfileValueSource type [class org.springframework.test.annotation.SystemProfileValueSource] for class [com.example.demo.EurekaServerApplicationTests]
10:15:49.436 [main] DEBUG org.springframework.test.annotation.ProfileValueUtils - Retrieved @ProfileValueSourceConfiguration [null] for test class [com.example.demo.EurekaServerApplicationTests]
10:15:49.436 [main] DEBUG org.springframework.test.annotation.ProfileValueUtils - Retrieved ProfileValueSource type [class org.springframework.test.annotation.SystemProfileValueSource] for class [com.example.demo.EurekaServerApplicationTests]
10:15:49.440 [main] DEBUG org.springframework.test.context.support.AbstractDirtiesContextTestExecutionListener - Before test class: context [DefaultTestContext@7a419da4 testClass = EurekaServerApplicationTests, testInstance = [null], testMethod = [null], testException = [null], mergedContextConfiguration = [WebMergedContextConfiguration@14555e0a testClass = EurekaServerApplicationTests, locations = '{}', classes = '{class com.example.demo.EurekaServerApplication}', contextInitializerClasses = '[]', activeProfiles = '{}', propertySourceLocations = '{}', propertySourceProperties = '{org.springframework.boot.test.context.SpringBootTestContextBootstrapper=true}', contextCustomizers = set[org.springframework.boot.test.context.filter.ExcludeFilterContextCustomizer@71248c21, org.springframework.boot.test.json.DuplicateJsonObjectContextCustomizerFactory$DuplicateJsonObjectContextCustomizer@49e202ad, org.springframework.boot.test.mock.mockito.MockitoContextCustomizer@0, org.springframework.boot.test.web.client.TestRestTemplateContextCustomizer@5d20e46, org.springframework.boot.test.autoconfigure.properties.PropertyMappingContextCustomizer@0, org.springframework.boot.test.autoconfigure.web.servlet.WebDriverContextCustomizerFactory$Customizer@255b53dc], resourceBasePath = 'src/main/webapp', contextLoader = 'org.springframework.boot.test.context.SpringBootContextLoader', parent = [null]], attributes = map['org.springframework.test.context.web.ServletTestExecutionListener.activateListener' -> true]], class annotated with @DirtiesContext [false] with mode [null].
10:15:49.441 [main] DEBUG org.springframework.test.annotation.ProfileValueUtils - Retrieved @ProfileValueSourceConfiguration [null] for test class [com.example.demo.EurekaServerApplicationTests]
10:15:49.441 [main] DEBUG org.springframework.test.annotation.ProfileValueUtils - Retrieved ProfileValueSource type [class org.springframework.test.annotation.SystemProfileValueSource] for class [com.example.demo.EurekaServerApplicationTests]
10:15:49.471 [main] DEBUG org.springframework.core.env.StandardEnvironment - Adding PropertySource 'systemProperties' with lowest search precedence
10:15:49.471 [main] DEBUG org.springframework.core.env.StandardEnvironment - Adding PropertySource 'systemEnvironment' with lowest search precedence
10:15:49.471 [main] DEBUG org.springframework.core.env.StandardEnvironment - Initialized StandardEnvironment with PropertySources [MapPropertySource@1515638188 {name='systemProperties', properties={java.runtime.name=Java(TM) SE Runtime Environment, sun.boot.library.path=C:\Program Files\Java\jdk1.8.0_66\jre\bin, java.vm.version=25.66-b18, java.vm.vendor=Oracle Corporation, java.vendor.url=http://java.oracle.com/, path.separator=;, java.vm.name=Java HotSpot(TM) 64-Bit Server VM, file.encoding.pkg=sun.io, user.country=CN, user.script=, sun.java.launcher=SUN_STANDARD, sun.os.patch.level=Service Pack 1, java.vm.specification.name=Java Virtual Machine Specification, user.dir=D:\workspacetest\ms-eureka-server, java.runtime.version=1.8.0_66-b18, basedir=D:\workspacetest\ms-eureka-server, java.awt.graphicsenv=sun.awt.Win32GraphicsEnvironment, java.endorsed.dirs=C:\Program Files\Java\jdk1.8.0_66\jre\lib\endorsed, os.arch=amd64, surefire.real.class.path=C:\Users\KSD\AppData\Local\Temp\surefire8821856275345026934\surefirebooter3100017208766714432.jar, java.io.tmpdir=C:\Users\KSD\AppData\Local\Temp\, line.separator=
, java.vm.specification.vendor=Oracle Corporation, user.variant=, os.name=Windows 7, sun.jnu.encoding=GBK, java.library.path=C:\Program Files\Java\jdk1.8.0_66\jre\bin;C:\Windows\Sun\Java\bin;C:\Windows\system32;C:\Windows;C:/Program Files/Java/jre1.8.0_66/bin/server;C:/Program Files/Java/jre1.8.0_66/bin;C:/Program Files/Java/jre1.8.0_66/lib/amd64;C:\ProgramData\Oracle\Java\javapath;C:\Windows\system32;C:\Windows;C:\Windows\System32\Wbem;C:\Windows\System32\WindowsPowerShell\v1.0\;C:\Program Files\Java\jdk1.8.0_66\bin;C:\Program Files\Java\jdk1.8.0_66\jre\bin;D:\software\maven\apache-maven-3.2.5\bin;D:\software\svn\bin;D:\software\eclipse;;., surefire.test.class.path=D:\workspacetest\ms-eureka-server\target\test-classes;D:\workspacetest\ms-eureka-server\target\classes;D:\maventest_jar\org\springframework\cloud\spring-cloud-starter-eureka-server\1.2.7.RELEASE\spring-cloud-starter-eureka-server-1.2.7.RELEASE.jar;D:\maventest_jar\org\springframework\cloud\spring-cloud-starter\1.1.9.RELEASE\spring-cloud-starter-1.1.9.RELEASE.jar;D:\maventest_jar\org\springframework\cloud\spring-cloud-context\1.1.9.RELEASE\spring-cloud-context-1.1.9.RELEASE.jar;D:\maventest_jar\org\springframework\security\spring-security-crypto\5.0.5.RELEASE\spring-security-crypto-5.0.5.RELEASE.jar;D:\maventest_jar\org\springframework\cloud\spring-cloud-commons\1.1.9.RELEASE\spring-cloud-commons-1.1.9.RELEASE.jar;D:\maventest_jar\org\springframework\security\spring-security-rsa\1.0.3.RELEASE\spring-security-rsa-1.0.3.RELEASE.jar;D:\maventest_jar\org\bouncycastle\bcpkix-jdk15on\1.55\bcpkix-jdk15on-1.55.jar;D:\maventest_jar\org\bouncycastle\bcprov-jdk15on\1.55\bcprov-jdk15on-1.55.jar;D:\maventest_jar\org\springframework\cloud\spring-cloud-netflix-eureka-server\1.2.7.RELEASE\spring-cloud-netflix-eureka-server-1.2.7.RELEASE.jar;D:\maventest_jar\org\springframework\boot\spring-boot-starter-web\2.0.2.RELEASE\spring-boot-starter-web-2.0.2.RELEASE.jar;D:\maventest_jar\org\springframework\boot\spring-boot-starter-json\2.0.2.RELEASE\spring-boot-starter-json-2.0.2.RELEASE.jar;D:\maventest_jar\com\fasterxml\jackson\datatype\jackson-datatype-jdk8\2.9.5\jackson-datatype-jdk8-2.9.5.jar;D:\maventest_jar\com\fasterxml\jackson\datatype\jackson-datatype-jsr310\2.9.5\jackson-datatype-jsr310-2.9.5.jar;D:\maventest_jar\com\fasterxml\jackson\module\jackson-module-parameter-names\2.9.5\jackson-module-parameter-names-2.9.5.jar;D:\maventest_jar\org\springframework\boot\spring-boot-starter-tomcat\2.0.2.RELEASE\spring-boot-starter-tomcat-2.0.2.RELEASE.jar;D:\maventest_jar\org\apache\tomcat\embed\tomcat-embed-core\8.5.31\tomcat-embed-core-8.5.31.jar;D:\maventest_jar\org\apache\tomcat\embed\tomcat-embed-el\8.5.31\tomcat-embed-el-8.5.31.jar;D:\maventest_jar\org\apache\tomcat\embed\tomcat-embed-websocket\8.5.31\tomcat-embed-websocket-8.5.31.jar;D:\maventest_jar\org\hibernate\validator\hibernate-validator\6.0.9.Final\hibernate-validator-6.0.9.Final.jar;D:\maventest_jar\javax\validation\validation-api\2.0.1.Final\validation-api-2.0.1.Final.jar;D:\maventest_jar\org\jboss\logging\jboss-logging\3.3.2.Final\jboss-logging-3.3.2.Final.jar;D:\maventest_jar\com\fasterxml\classmate\1.3.4\classmate-1.3.4.jar;D:\maventest_jar\org\springframework\spring-web\5.0.6.RELEASE\spring-web-5.0.6.RELEASE.jar;D:\maventest_jar\org\springframework\spring-beans\5.0.6.RELEASE\spring-beans-5.0.6.RELEASE.jar;D:\maventest_jar\org\springframework\spring-webmvc\5.0.6.RELEASE\spring-webmvc-5.0.6.RELEASE.jar;D:\maventest_jar\org\springframework\spring-aop\5.0.6.RELEASE\spring-aop-5.0.6.RELEASE.jar;D:\maventest_jar\org\springframework\spring-expression\5.0.6.RELEASE\spring-expression-5.0.6.RELEASE.jar;D:\maventest_jar\org\springframework\boot\spring-boot-starter-actuator\2.0.2.RELEASE\spring-boot-starter-actuator-2.0.2.RELEASE.jar;D:\maventest_jar\org\springframework\boot\spring-boot-actuator-autoconfigure\2.0.2.RELEASE\spring-boot-actuator-autoconfigure-2.0.2.RELEASE.jar;D:\maventest_jar\org\springframework\boot\spring-boot-actuator\2.0.2.RELEASE\spring-boot-actuator-2.0.2.RELEASE.jar;D:\maventest_jar\io\micrometer\micrometer-core\1.0.4\micrometer-core-1.0.4.jar;D:\maventest_jar\org\hdrhistogram\HdrHistogram\2.1.10\HdrHistogram-2.1.10.jar;D:\maventest_jar\org\latencyutils\LatencyUtils\2.0.3\LatencyUtils-2.0.3.jar;D:\maventest_jar\org\springframework\boot\spring-boot-starter-freemarker\2.0.2.RELEASE\spring-boot-starter-freemarker-2.0.2.RELEASE.jar;D:\maventest_jar\org\freemarker\freemarker\2.3.28\freemarker-2.3.28.jar;D:\maventest_jar\org\springframework\spring-context-support\5.0.6.RELEASE\spring-context-support-5.0.6.RELEASE.jar;D:\maventest_jar\org\springframework\cloud\spring-cloud-netflix-core\1.2.7.RELEASE\spring-cloud-netflix-core-1.2.7.RELEASE.jar;D:\maventest_jar\org\springframework\cloud\spring-cloud-netflix-eureka-client\1.2.7.RELEASE\spring-cloud-netflix-eureka-client-1.2.7.RELEASE.jar;D:\maventest_jar\com\netflix\eureka\eureka-client\1.4.12\eureka-client-1.4.12.jar;D:\maventest_jar\org\codehaus\jettison\jettison\1.3.7\jettison-1.3.7.jar;D:\maventest_jar\stax\stax-api\1.0.1\stax-api-1.0.1.jar;D:\maventest_jar\com\netflix\netflix-commons\netflix-eventbus\0.3.0\netflix-eventbus-0.3.0.jar;D:\maventest_jar\com\netflix\netflix-commons\netflix-infix\0.3.0\netflix-infix-0.3.0.jar;D:\maventest_jar\commons-jxpath\commons-jxpath\1.3\commons-jxpath-1.3.jar;D:\maventest_jar\joda-time\joda-time\2.9.9\joda-time-2.9.9.jar;D:\maventest_jar\org\antlr\antlr-runtime\3.4\antlr-runtime-3.4.jar;D:\maventest_jar\org\antlr\stringtemplate\3.2.1\stringtemplate-3.2.1.jar;D:\maventest_jar\antlr\antlr\2.7.7\antlr-2.7.7.jar;D:\maventest_jar\com\google\code\gson\gson\2.8.4\gson-2.8.4.jar;D:\maventest_jar\org\apache\commons\commons-math\2.2\commons-math-2.2.jar;D:\maventest_jar\javax\ws\rs\jsr311-api\1.1.1\jsr311-api-1.1.1.jar;D:\maventest_jar\com\netflix\servo\servo-core\0.10.1\servo-core-0.10.1.jar;D:\maventest_jar\com\netflix\servo\servo-internal\0.10.1\servo-internal-0.10.1.jar;D:\maventest_jar\com\sun\jersey\jersey-core\1.19.1\jersey-core-1.19.1.jar;D:\maventest_jar\com\sun\jersey\jersey-client\1.19.1\jersey-client-1.19.1.jar;D:\maventest_jar\com\sun\jersey\contribs\jersey-apache-client4\1.19.1\jersey-apache-client4-1.19.1.jar;D:\maventest_jar\org\apache\httpcomponents\httpclient\4.5.5\httpclient-4.5.5.jar;D:\maventest_jar\org\apache\httpcomponents\httpcore\4.4.9\httpcore-4.4.9.jar;D:\maventest_jar\commons-codec\commons-codec\1.11\commons-codec-1.11.jar;D:\maventest_jar\com\google\inject\guice\4.0\guice-4.0.jar;D:\maventest_jar\aopalliance\aopalliance\1.0\aopalliance-1.0.jar;D:\maventest_jar\com\netflix\governator\governator-api\1.12.10\governator-api-1.12.10.jar;D:\maventest_jar\com\sun\jersey\jersey-servlet\1.19.1\jersey-servlet-1.19.1.jar;D:\maventest_jar\com\sun\jersey\jersey-server\1.19.1\jersey-server-1.19.1.jar;D:\maventest_jar\com\netflix\eureka\eureka-core\1.4.12\eureka-core-1.4.12.jar;D:\maventest_jar\com\netflix\governator\governator\1.12.10\governator-1.12.10.jar;D:\maventest_jar\com\netflix\governator\governator-core\1.12.10\governator-core-1.12.10.jar;D:\maventest_jar\com\google\inject\extensions\guice-multibindings\4.0\guice-multibindings-4.0.jar;D:\maventest_jar\com\google\inject\extensions\guice-grapher\4.0\guice-grapher-4.0.jar;D:\maventest_jar\com\google\inject\extensions\guice-assistedinject\4.0\guice-assistedinject-4.0.jar;D:\maventest_jar\org\hibernate\hibernate-validator\4.1.0.Final\hibernate-validator-4.1.0.Final.jar;D:\maventest_jar\org\ow2\asm\asm\5.0.4\asm-5.0.4.jar;D:\maventest_jar\org\codehaus\woodstox\woodstox-core-asl\4.4.1\woodstox-core-asl-4.4.1.jar;D:\maventest_jar\javax\xml\stream\stax-api\1.0-2\stax-api-1.0-2.jar;D:\maventest_jar\com\netflix\archaius\archaius-core\0.7.4\archaius-core-0.7.4.jar;D:\maventest_jar\com\google\code\findbugs\jsr305\3.0.1\jsr305-3.0.1.jar;D:\maventest_jar\javax\inject\javax.inject\1\javax.inject-1.jar;D:\maventest_jar\com\fasterxml\jackson\dataformat\jackson-dataformat-xml\2.9.5\jackson-dataformat-xml-2.9.5.jar;D:\maventest_jar\com\fasterxml\jackson\module\jackson-module-jaxb-annotations\2.9.5\jackson-module-jaxb-annotations-2.9.5.jar;D:\maventest_jar\org\codehaus\woodstox\stax2-api\3.1.4\stax2-api-3.1.4.jar;D:\maventest_jar\com\fasterxml\woodstox\woodstox-core\5.0.3\woodstox-core-5.0.3.jar;D:\maventest_jar\com\thoughtworks\xstream\xstream\1.4.9\xstream-1.4.9.jar;D:\maventest_jar\xmlpull\xmlpull\1.1.3.1\xmlpull-1.1.3.1.jar;D:\maventest_jar\xpp3\xpp3_min\1.1.4c\xpp3_min-1.1.4c.jar;D:\maventest_jar\org\springframework\cloud\spring-cloud-starter-archaius\1.2.7.RELEASE\spring-cloud-starter-archaius-1.2.7.RELEASE.jar;D:\maventest_jar\commons-configuration\commons-configuration\1.8\commons-configuration-1.8.jar;D:\maventest_jar\commons-lang\commons-lang\2.6\commons-lang-2.6.jar;D:\maventest_jar\com\fasterxml\jackson\core\jackson-annotations\2.9.0\jackson-annotations-2.9.0.jar;D:\maventest_jar\com\fasterxml\jackson\core\jackson-core\2.9.5\jackson-core-2.9.5.jar;D:\maventest_jar\com\fasterxml\jackson\core\jackson-databind\2.9.5\jackson-databind-2.9.5.jar;D:\maventest_jar\com\google\guava\guava\18.0\guava-18.0.jar;D:\maventest_jar\org\springframework\cloud\spring-cloud-starter-ribbon\1.2.7.RELEASE\spring-cloud-starter-ribbon-1.2.7.RELEASE.jar;D:\maventest_jar\com\netflix\ribbon\ribbon\2.2.0\ribbon-2.2.0.jar;D:\maventest_jar\com\netflix\ribbon\ribbon-transport\2.2.0\ribbon-transport-2.2.0.jar;D:\maventest_jar\io\reactivex\rxnetty-contexts\0.4.9\rxnetty-contexts-0.4.9.jar;D:\maventest_jar\io\reactivex\rxnetty-servo\0.4.9\rxnetty-servo-0.4.9.jar;D:\maventest_jar\com\netflix\hystrix\hystrix-core\1.5.6\hystrix-core-1.5.6.jar;D:\maventest_jar\io\reactivex\rxnetty\0.4.9\rxnetty-0.4.9.jar;D:\maventest_jar\io\netty\netty-codec-http\4.1.24.Final\netty-codec-http-4.1.24.Final.jar;D:\maventest_jar\io\netty\netty-codec\4.1.24.Final\netty-codec-4.1.24.Final.jar;D:\maventest_jar\io\netty\netty-transport-native-epoll\4.1.24.Final\netty-transport-native-epoll-4.1.24.Final.jar;D:\maventest_jar\io\netty\netty-common\4.1.24.Final\netty-common-4.1.24.Final.jar;D:\maventest_jar\io\netty\netty-buffer\4.1.24.Final\netty-buffer-4.1.24.Final.jar;D:\maventest_jar\io\netty\netty-transport-native-unix-common\4.1.24.Final\netty-transport-native-unix-common-4.1.24.Final.jar;D:\maventest_jar\io\netty\netty-transport\4.1.24.Final\netty-transport-4.1.24.Final.jar;D:\maventest_jar\io\netty\netty-resolver\4.1.24.Final\netty-resolver-4.1.24.Final.jar;D:\maventest_jar\com\netflix\ribbon\ribbon-core\2.2.0\ribbon-core-2.2.0.jar;D:\maventest_jar\com\netflix\ribbon\ribbon-httpclient\2.2.0\ribbon-httpclient-2.2.0.jar;D:\maventest_jar\commons-collections\commons-collections\3.2.1\commons-collections-3.2.1.jar;D:\maventest_jar\com\netflix\netflix-commons\netflix-commons-util\0.1.1\netflix-commons-util-0.1.1.jar;D:\maventest_jar\com\netflix\ribbon\ribbon-loadbalancer\2.2.0\ribbon-loadbalancer-2.2.0.jar;D:\maventest_jar\com\netflix\netflix-commons\netflix-statistics\0.1.1\netflix-statistics-0.1.1.jar;D:\maventest_jar\io\reactivex\rxjava\1.3.8\rxjava-1.3.8.jar;D:\maventest_jar\com\netflix\ribbon\ribbon-eureka\2.2.0\ribbon-eureka-2.2.0.jar;D:\maventest_jar\org\slf4j\slf4j-api\1.7.25\slf4j-api-1.7.25.jar;D:\maventest_jar\org\springframework\boot\spring-boot-starter-test\2.0.2.RELEASE\spring-boot-starter-test-2.0.2.RELEASE.jar;D:\maventest_jar\org\springframework\boot\spring-boot-starter\2.0.2.RELEASE\spring-boot-starter-2.0.2.RELEASE.jar;D:\maventest_jar\org\springframework\boot\spring-boot\2.0.2.RELEASE\spring-boot-2.0.2.RELEASE.jar;D:\maventest_jar\org\springframework\spring-context\5.0.6.RELEASE\spring-context-5.0.6.RELEASE.jar;D:\maventest_jar\org\springframework\boot\spring-boot-autoconfigure\2.0.2.RELEASE\spring-boot-autoconfigure-2.0.2.RELEASE.jar;D:\maventest_jar\org\springframework\boot\spring-boot-starter-logging\2.0.2.RELEASE\spring-boot-starter-logging-2.0.2.RELEASE.jar;D:\maventest_jar\ch\qos\logback\logback-classic\1.2.3\logback-classic-1.2.3.jar;D:\maventest_jar\ch\qos\logback\logback-core\1.2.3\logback-core-1.2.3.jar;D:\maventest_jar\org\apache\logging\log4j\log4j-to-slf4j\2.10.0\log4j-to-slf4j-2.10.0.jar;D:\maventest_jar\org\apache\logging\log4j\log4j-api\2.10.0\log4j-api-2.10.0.jar;D:\maventest_jar\org\slf4j\jul-to-slf4j\1.7.25\jul-to-slf4j-1.7.25.jar;D:\maventest_jar\javax\annotation\javax.annotation-api\1.3.2\javax.annotation-api-1.3.2.jar;D:\maventest_jar\org\yaml\snakeyaml\1.19\snakeyaml-1.19.jar;D:\maventest_jar\org\springframework\boot\spring-boot-test\2.0.2.RELEASE\spring-boot-test-2.0.2.RELEASE.jar;D:\maventest_jar\org\springframework\boot\spring-boot-test-autoconfigure\2.0.2.RELEASE\spring-boot-test-autoconfigure-2.0.2.RELEASE.jar;D:\maventest_jar\com\jayway\jsonpath\json-path\2.4.0\json-path-2.4.0.jar;D:\maventest_jar\net\minidev\json-smart\2.3\json-smart-2.3.jar;D:\maventest_jar\net\minidev\accessors-smart\1.2\accessors-smart-1.2.jar;D:\maventest_jar\junit\junit\4.12\junit-4.12.jar;D:\maventest_jar\org\assertj\assertj-core\3.9.1\assertj-core-3.9.1.jar;D:\maventest_jar\org\mockito\mockito-core\2.15.0\mockito-core-2.15.0.jar;D:\maventest_jar\net\bytebuddy\byte-buddy\1.7.11\byte-buddy-1.7.11.jar;D:\maventest_jar\net\bytebuddy\byte-buddy-agent\1.7.11\byte-buddy-agent-1.7.11.jar;D:\maventest_jar\org\objenesis\objenesis\2.6\objenesis-2.6.jar;D:\maventest_jar\org\hamcrest\hamcrest-core\1.3\hamcrest-core-1.3.jar;D:\maventest_jar\org\hamcrest\hamcrest-library\1.3\hamcrest-library-1.3.jar;D:\maventest_jar\org\skyscreamer\jsonassert\1.5.0\jsonassert-1.5.0.jar;D:\maventest_jar\com\vaadin\external\google\android-json\0.0.20131108.vaadin1\android-json-0.0.20131108.vaadin1.jar;D:\maventest_jar\org\springframework\spring-core\5.0.6.RELEASE\spring-core-5.0.6.RELEASE.jar;D:\maventest_jar\org\springframework\spring-jcl\5.0.6.RELEASE\spring-jcl-5.0.6.RELEASE.jar;D:\maventest_jar\org\springframework\spring-test\5.0.6.RELEASE\spring-test-5.0.6.RELEASE.jar;D:\maventest_jar\org\xmlunit\xmlunit-core\2.5.1\xmlunit-core-2.5.1.jar;, java.specification.name=Java Platform API Specification, java.class.version=52.0, sun.management.compiler=HotSpot 64-Bit Tiered Compilers, os.version=6.1, user.home=C:\Users\KSD, user.timezone=Asia/Shanghai, java.awt.printerjob=sun.awt.windows.WPrinterJob, file.encoding=GBK, java.specification.version=1.8, java.class.path=D:\workspacetest\ms-eureka-server\target\test-classes;D:\workspacetest\ms-eureka-server\target\classes;D:\maventest_jar\org\springframework\cloud\spring-cloud-starter-eureka-server\1.2.7.RELEASE\spring-cloud-starter-eureka-server-1.2.7.RELEASE.jar;D:\maventest_jar\org\springframework\cloud\spring-cloud-starter\1.1.9.RELEASE\spring-cloud-starter-1.1.9.RELEASE.jar;D:\maventest_jar\org\springframework\cloud\spring-cloud-context\1.1.9.RELEASE\spring-cloud-context-1.1.9.RELEASE.jar;D:\maventest_jar\org\springframework\security\spring-security-crypto\5.0.5.RELEASE\spring-security-crypto-5.0.5.RELEASE.jar;D:\maventest_jar\org\springframework\cloud\spring-cloud-commons\1.1.9.RELEASE\spring-cloud-commons-1.1.9.RELEASE.jar;D:\maventest_jar\org\springframework\security\spring-security-rsa\1.0.3.RELEASE\spring-security-rsa-1.0.3.RELEASE.jar;D:\maventest_jar\org\bouncycastle\bcpkix-jdk15on\1.55\bcpkix-jdk15on-1.55.jar;D:\maventest_jar\org\bouncycastle\bcprov-jdk15on\1.55\bcprov-jdk15on-1.55.jar;D:\maventest_jar\org\springframework\cloud\spring-cloud-netflix-eureka-server\1.2.7.RELEASE\spring-cloud-netflix-eureka-server-1.2.7.RELEASE.jar;D:\maventest_jar\org\springframework\boot\spring-boot-starter-web\2.0.2.RELEASE\spring-boot-starter-web-2.0.2.RELEASE.jar;D:\maventest_jar\org\springframework\boot\spring-boot-starter-json\2.0.2.RELEASE\spring-boot-starter-json-2.0.2.RELEASE.jar;D:\maventest_jar\com\fasterxml\jackson\datatype\jackson-datatype-jdk8\2.9.5\jackson-datatype-jdk8-2.9.5.jar;D:\maventest_jar\com\fasterxml\jackson\datatype\jackson-datatype-jsr310\2.9.5\jackson-datatype-jsr310-2.9.5.jar;D:\maventest_jar\com\fasterxml\jackson\module\jackson-module-parameter-names\2.9.5\jackson-module-parameter-names-2.9.5.jar;D:\maventest_jar\org\springframework\boot\spring-boot-starter-tomcat\2.0.2.RELEASE\spring-boot-starter-tomcat-2.0.2.RELEASE.jar;D:\maventest_jar\org\apache\tomcat\embed\tomcat-embed-core\8.5.31\tomcat-embed-core-8.5.31.jar;D:\maventest_jar\org\apache\tomcat\embed\tomcat-embed-el\8.5.31\tomcat-embed-el-8.5.31.jar;D:\maventest_jar\org\apache\tomcat\embed\tomcat-embed-websocket\8.5.31\tomcat-embed-websocket-8.5.31.jar;D:\maventest_jar\org\hibernate\validator\hibernate-validator\6.0.9.Final\hibernate-validator-6.0.9.Final.jar;D:\maventest_jar\javax\validation\validation-api\2.0.1.Final\validation-api-2.0.1.Final.jar;D:\maventest_jar\org\jboss\logging\jboss-logging\3.3.2.Final\jboss-logging-3.3.2.Final.jar;D:\maventest_jar\com\fasterxml\classmate\1.3.4\classmate-1.3.4.jar;D:\maventest_jar\org\springframework\spring-web\5.0.6.RELEASE\spring-web-5.0.6.RELEASE.jar;D:\maventest_jar\org\springframework\spring-beans\5.0.6.RELEASE\spring-beans-5.0.6.RELEASE.jar;D:\maventest_jar\org\springframework\spring-webmvc\5.0.6.RELEASE\spring-webmvc-5.0.6.RELEASE.jar;D:\maventest_jar\org\springframework\spring-aop\5.0.6.RELEASE\spring-aop-5.0.6.RELEASE.jar;D:\maventest_jar\org\springframework\spring-expression\5.0.6.RELEASE\spring-expression-5.0.6.RELEASE.jar;D:\maventest_jar\org\springframework\boot\spring-boot-starter-actuator\2.0.2.RELEASE\spring-boot-starter-actuator-2.0.2.RELEASE.jar;D:\maventest_jar\org\springframework\boot\spring-boot-actuator-autoconfigure\2.0.2.RELEASE\spring-boot-actuator-autoconfigure-2.0.2.RELEASE.jar;D:\maventest_jar\org\springframework\boot\spring-boot-actuator\2.0.2.RELEASE\spring-boot-actuator-2.0.2.RELEASE.jar;D:\maventest_jar\io\micrometer\micrometer-core\1.0.4\micrometer-core-1.0.4.jar;D:\maventest_jar\org\hdrhistogram\HdrHistogram\2.1.10\HdrHistogram-2.1.10.jar;D:\maventest_jar\org\latencyutils\LatencyUtils\2.0.3\LatencyUtils-2.0.3.jar;D:\maventest_jar\org\springframework\boot\spring-boot-starter-freemarker\2.0.2.RELEASE\spring-boot-starter-freemarker-2.0.2.RELEASE.jar;D:\maventest_jar\org\freemarker\freemarker\2.3.28\freemarker-2.3.28.jar;D:\maventest_jar\org\springframework\spring-context-support\5.0.6.RELEASE\spring-context-support-5.0.6.RELEASE.jar;D:\maventest_jar\org\springframework\cloud\spring-cloud-netflix-core\1.2.7.RELEASE\spring-cloud-netflix-core-1.2.7.RELEASE.jar;D:\maventest_jar\org\springframework\cloud\spring-cloud-netflix-eureka-client\1.2.7.RELEASE\spring-cloud-netflix-eureka-client-1.2.7.RELEASE.jar;D:\maventest_jar\com\netflix\eureka\eureka-client\1.4.12\eureka-client-1.4.12.jar;D:\maventest_jar\org\codehaus\jettison\jettison\1.3.7\jettison-1.3.7.jar;D:\maventest_jar\stax\stax-api\1.0.1\stax-api-1.0.1.jar;D:\maventest_jar\com\netflix\netflix-commons\netflix-eventbus\0.3.0\netflix-eventbus-0.3.0.jar;D:\maventest_jar\com\netflix\netflix-commons\netflix-infix\0.3.0\netflix-infix-0.3.0.jar;D:\maventest_jar\commons-jxpath\commons-jxpath\1.3\commons-jxpath-1.3.jar;D:\maventest_jar\joda-time\joda-time\2.9.9\joda-time-2.9.9.jar;D:\maventest_jar\org\antlr\antlr-runtime\3.4\antlr-runtime-3.4.jar;D:\maventest_jar\org\antlr\stringtemplate\3.2.1\stringtemplate-3.2.1.jar;D:\maventest_jar\antlr\antlr\2.7.7\antlr-2.7.7.jar;D:\maventest_jar\com\google\code\gson\gson\2.8.4\gson-2.8.4.jar;D:\maventest_jar\org\apache\commons\commons-math\2.2\commons-math-2.2.jar;D:\maventest_jar\javax\ws\rs\jsr311-api\1.1.1\jsr311-api-1.1.1.jar;D:\maventest_jar\com\netflix\servo\servo-core\0.10.1\servo-core-0.10.1.jar;D:\maventest_jar\com\netflix\servo\servo-internal\0.10.1\servo-internal-0.10.1.jar;D:\maventest_jar\com\sun\jersey\jersey-core\1.19.1\jersey-core-1.19.1.jar;D:\maventest_jar\com\sun\jersey\jersey-client\1.19.1\jersey-client-1.19.1.jar;D:\maventest_jar\com\sun\jersey\contribs\jersey-apache-client4\1.19.1\jersey-apache-client4-1.19.1.jar;D:\maventest_jar\org\apache\httpcomponents\httpclient\4.5.5\httpclient-4.5.5.jar;D:\maventest_jar\org\apache\httpcomponents\httpcore\4.4.9\httpcore-4.4.9.jar;D:\maventest_jar\commons-codec\commons-codec\1.11\commons-codec-1.11.jar;D:\maventest_jar\com\google\inject\guice\4.0\guice-4.0.jar;D:\maventest_jar\aopalliance\aopalliance\1.0\aopalliance-1.0.jar;D:\maventest_jar\com\netflix\governator\governator-api\1.12.10\governator-api-1.12.10.jar;D:\maventest_jar\com\sun\jersey\jersey-servlet\1.19.1\jersey-servlet-1.19.1.jar;D:\maventest_jar\com\sun\jersey\jersey-server\1.19.1\jersey-server-1.19.1.jar;D:\maventest_jar\com\netflix\eureka\eureka-core\1.4.12\eureka-core-1.4.12.jar;D:\maventest_jar\com\netflix\governator\governator\1.12.10\governator-1.12.10.jar;D:\maventest_jar\com\netflix\governator\governator-core\1.12.10\governator-core-1.12.10.jar;D:\maventest_jar\com\google\inject\extensions\guice-multibindings\4.0\guice-multibindings-4.0.jar;D:\maventest_jar\com\google\inject\extensions\guice-grapher\4.0\guice-grapher-4.0.jar;D:\maventest_jar\com\google\inject\extensions\guice-assistedinject\4.0\guice-assistedinject-4.0.jar;D:\maventest_jar\org\hibernate\hibernate-validator\4.1.0.Final\hibernate-validator-4.1.0.Final.jar;D:\maventest_jar\org\ow2\asm\asm\5.0.4\asm-5.0.4.jar;D:\maventest_jar\org\codehaus\woodstox\woodstox-core-asl\4.4.1\woodstox-core-asl-4.4.1.jar;D:\maventest_jar\javax\xml\stream\stax-api\1.0-2\stax-api-1.0-2.jar;D:\maventest_jar\com\netflix\archaius\archaius-core\0.7.4\archaius-core-0.7.4.jar;D:\maventest_jar\com\google\code\findbugs\jsr305\3.0.1\jsr305-3.0.1.jar;D:\maventest_jar\javax\inject\javax.inject\1\javax.inject-1.jar;D:\maventest_jar\com\fasterxml\jackson\dataformat\jackson-dataformat-xml\2.9.5\jackson-dataformat-xml-2.9.5.jar;D:\maventest_jar\com\fasterxml\jackson\module\jackson-module-jaxb-annotations\2.9.5\jackson-module-jaxb-annotations-2.9.5.jar;D:\maventest_jar\org\codehaus\woodstox\stax2-api\3.1.4\stax2-api-3.1.4.jar;D:\maventest_jar\com\fasterxml\woodstox\woodstox-core\5.0.3\woodstox-core-5.0.3.jar;D:\maventest_jar\com\thoughtworks\xstream\xstream\1.4.9\xstream-1.4.9.jar;D:\maventest_jar\xmlpull\xmlpull\1.1.3.1\xmlpull-1.1.3.1.jar;D:\maventest_jar\xpp3\xpp3_min\1.1.4c\xpp3_min-1.1.4c.jar;D:\maventest_jar\org\springframework\cloud\spring-cloud-starter-archaius\1.2.7.RELEASE\spring-cloud-starter-archaius-1.2.7.RELEASE.jar;D:\maventest_jar\commons-configuration\commons-configuration\1.8\commons-configuration-1.8.jar;D:\maventest_jar\commons-lang\commons-lang\2.6\commons-lang-2.6.jar;D:\maventest_jar\com\fasterxml\jackson\core\jackson-annotations\2.9.0\jackson-annotations-2.9.0.jar;D:\maventest_jar\com\fasterxml\jackson\core\jackson-core\2.9.5\jackson-core-2.9.5.jar;D:\maventest_jar\com\fasterxml\jackson\core\jackson-databind\2.9.5\jackson-databind-2.9.5.jar;D:\maventest_jar\com\google\guava\guava\18.0\guava-18.0.jar;D:\maventest_jar\org\springframework\cloud\spring-cloud-starter-ribbon\1.2.7.RELEASE\spring-cloud-starter-ribbon-1.2.7.RELEASE.jar;D:\maventest_jar\com\netflix\ribbon\ribbon\2.2.0\ribbon-2.2.0.jar;D:\maventest_jar\com\netflix\ribbon\ribbon-transport\2.2.0\ribbon-transport-2.2.0.jar;D:\maventest_jar\io\reactivex\rxnetty-contexts\0.4.9\rxnetty-contexts-0.4.9.jar;D:\maventest_jar\io\reactivex\rxnetty-servo\0.4.9\rxnetty-servo-0.4.9.jar;D:\maventest_jar\com\netflix\hystrix\hystrix-core\1.5.6\hystrix-core-1.5.6.jar;D:\maventest_jar\io\reactivex\rxnetty\0.4.9\rxnetty-0.4.9.jar;D:\maventest_jar\io\netty\netty-codec-http\4.1.24.Final\netty-codec-http-4.1.24.Final.jar;D:\maventest_jar\io\netty\netty-codec\4.1.24.Final\netty-codec-4.1.24.Final.jar;D:\maventest_jar\io\netty\netty-transport-native-epoll\4.1.24.Final\netty-transport-native-epoll-4.1.24.Final.jar;D:\maventest_jar\io\netty\netty-common\4.1.24.Final\netty-common-4.1.24.Final.jar;D:\maventest_jar\io\netty\netty-buffer\4.1.24.Final\netty-buffer-4.1.24.Final.jar;D:\maventest_jar\io\netty\netty-transport-native-unix-common\4.1.24.Final\netty-transport-native-unix-common-4.1.24.Final.jar;D:\maventest_jar\io\netty\netty-transport\4.1.24.Final\netty-transport-4.1.24.Final.jar;D:\maventest_jar\io\netty\netty-resolver\4.1.24.Final\netty-resolver-4.1.24.Final.jar;D:\maventest_jar\com\netflix\ribbon\ribbon-core\2.2.0\ribbon-core-2.2.0.jar;D:\maventest_jar\com\netflix\ribbon\ribbon-httpclient\2.2.0\ribbon-httpclient-2.2.0.jar;D:\maventest_jar\commons-collections\commons-collections\3.2.1\commons-collections-3.2.1.jar;D:\maventest_jar\com\netflix\netflix-commons\netflix-commons-util\0.1.1\netflix-commons-util-0.1.1.jar;D:\maventest_jar\com\netflix\ribbon\ribbon-loadbalancer\2.2.0\ribbon-loadbalancer-2.2.0.jar;D:\maventest_jar\com\netflix\netflix-commons\netflix-statistics\0.1.1\netflix-statistics-0.1.1.jar;D:\maventest_jar\io\reactivex\rxjava\1.3.8\rxjava-1.3.8.jar;D:\maventest_jar\com\netflix\ribbon\ribbon-eureka\2.2.0\ribbon-eureka-2.2.0.jar;D:\maventest_jar\org\slf4j\slf4j-api\1.7.25\slf4j-api-1.7.25.jar;D:\maventest_jar\org\springframework\boot\spring-boot-starter-test\2.0.2.RELEASE\spring-boot-starter-test-2.0.2.RELEASE.jar;D:\maventest_jar\org\springframework\boot\spring-boot-starter\2.0.2.RELEASE\spring-boot-starter-2.0.2.RELEASE.jar;D:\maventest_jar\org\springframework\boot\spring-boot\2.0.2.RELEASE\spring-boot-2.0.2.RELEASE.jar;D:\maventest_jar\org\springframework\spring-context\5.0.6.RELEASE\spring-context-5.0.6.RELEASE.jar;D:\maventest_jar\org\springframework\boot\spring-boot-autoconfigure\2.0.2.RELEASE\spring-boot-autoconfigure-2.0.2.RELEASE.jar;D:\maventest_jar\org\springframework\boot\spring-boot-starter-logging\2.0.2.RELEASE\spring-boot-starter-logging-2.0.2.RELEASE.jar;D:\maventest_jar\ch\qos\logback\logback-classic\1.2.3\logback-classic-1.2.3.jar;D:\maventest_jar\ch\qos\logback\logback-core\1.2.3\logback-core-1.2.3.jar;D:\maventest_jar\org\apache\logging\log4j\log4j-to-slf4j\2.10.0\log4j-to-slf4j-2.10.0.jar;D:\maventest_jar\org\apache\logging\log4j\log4j-api\2.10.0\log4j-api-2.10.0.jar;D:\maventest_jar\org\slf4j\jul-to-slf4j\1.7.25\jul-to-slf4j-1.7.25.jar;D:\maventest_jar\javax\annotation\javax.annotation-api\1.3.2\javax.annotation-api-1.3.2.jar;D:\maventest_jar\org\yaml\snakeyaml\1.19\snakeyaml-1.19.jar;D:\maventest_jar\org\springframework\boot\spring-boot-test\2.0.2.RELEASE\spring-boot-test-2.0.2.RELEASE.jar;D:\maventest_jar\org\springframework\boot\spring-boot-test-autoconfigure\2.0.2.RELEASE\spring-boot-test-autoconfigure-2.0.2.RELEASE.jar;D:\maventest_jar\com\jayway\jsonpath\json-path\2.4.0\json-path-2.4.0.jar;D:\maventest_jar\net\minidev\json-smart\2.3\json-smart-2.3.jar;D:\maventest_jar\net\minidev\accessors-smart\1.2\accessors-smart-1.2.jar;D:\maventest_jar\junit\junit\4.12\junit-4.12.jar;D:\maventest_jar\org\assertj\assertj-core\3.9.1\assertj-core-3.9.1.jar;D:\maventest_jar\org\mockito\mockito-core\2.15.0\mockito-core-2.15.0.jar;D:\maventest_jar\net\bytebuddy\byte-buddy\1.7.11\byte-buddy-1.7.11.jar;D:\maventest_jar\net\bytebuddy\byte-buddy-agent\1.7.11\byte-buddy-agent-1.7.11.jar;D:\maventest_jar\org\objenesis\objenesis\2.6\objenesis-2.6.jar;D:\maventest_jar\org\hamcrest\hamcrest-core\1.3\hamcrest-core-1.3.jar;D:\maventest_jar\org\hamcrest\hamcrest-library\1.3\hamcrest-library-1.3.jar;D:\maventest_jar\org\skyscreamer\jsonassert\1.5.0\jsonassert-1.5.0.jar;D:\maventest_jar\com\vaadin\external\google\android-json\0.0.20131108.vaadin1\android-json-0.0.20131108.vaadin1.jar;D:\maventest_jar\org\springframework\spring-core\5.0.6.RELEASE\spring-core-5.0.6.RELEASE.jar;D:\maventest_jar\org\springframework\spring-jcl\5.0.6.RELEASE\spring-jcl-5.0.6.RELEASE.jar;D:\maventest_jar\org\springframework\spring-test\5.0.6.RELEASE\spring-test-5.0.6.RELEASE.jar;D:\maventest_jar\org\xmlunit\xmlunit-core\2.5.1\xmlunit-core-2.5.1.jar;, user.name=KSD, java.vm.specification.version=1.8, sun.java.command=C:\Users\KSD\AppData\Local\Temp\surefire8821856275345026934\surefirebooter3100017208766714432.jar C:\Users\KSD\AppData\Local\Temp\surefire8821856275345026934 2018-06-14T10-15-41_509-jvmRun1 surefire2350177929644503989tmp surefire_18220141282569285156tmp, java.home=C:\Program Files\Java\jdk1.8.0_66\jre, sun.arch.data.model=64, user.language=zh, java.specification.vendor=Oracle Corporation, awt.toolkit=sun.awt.windows.WToolkit, java.vm.info=mixed mode, java.version=1.8.0_66, java.ext.dirs=C:\Program Files\Java\jdk1.8.0_66\jre\lib\ext;C:\Windows\Sun\Java\lib\ext, sun.boot.class.path=C:\Program Files\Java\jdk1.8.0_66\jre\lib\resources.jar;C:\Program Files\Java\jdk1.8.0_66\jre\lib\rt.jar;C:\Program Files\Java\jdk1.8.0_66\jre\lib\sunrsasign.jar;C:\Program Files\Java\jdk1.8.0_66\jre\lib\jsse.jar;C:\Program Files\Java\jdk1.8.0_66\jre\lib\jce.jar;C:\Program Files\Java\jdk1.8.0_66\jre\lib\charsets.jar;C:\Program Files\Java\jdk1.8.0_66\jre\lib\jfr.jar;C:\Program Files\Java\jdk1.8.0_66\jre\classes, java.vendor=Oracle Corporation, localRepository=D:\maventest_jar, file.separator=\, java.vendor.url.bug=http://bugreport.sun.com/bugreport/, sun.io.unicode.encoding=UnicodeLittle, sun.cpu.endian=little, sun.desktop=windows, sun.cpu.isalist=amd64}}, SystemEnvironmentPropertySource@2087785333 {name='systemEnvironment', properties={PATH=C:/Program Files/Java/jre1.8.0_66/bin/server;C:/Program Files/Java/jre1.8.0_66/bin;C:/Program Files/Java/jre1.8.0_66/lib/amd64;C:\ProgramData\Oracle\Java\javapath;C:\Windows\system32;C:\Windows;C:\Windows\System32\Wbem;C:\Windows\System32\WindowsPowerShell\v1.0\;C:\Program Files\Java\jdk1.8.0_66\bin;C:\Program Files\Java\jdk1.8.0_66\jre\bin;D:\software\maven\apache-maven-3.2.5\bin;D:\software\svn\bin;D:\software\eclipse;, LOCALAPPDATA=C:\Users\KSD\AppData\Local, PROCESSOR_LEVEL=6, SYSTEMDRIVE=C:, COMMONPROGRAMFILES(X86)=C:\Program Files (x86)\Common Files, FP_NO_HOST_CHECK=NO, USERDOMAIN=KSD-PC, LOGONSERVER=\\KSD-PC, JAVA_HOME=C:\Program Files\Java\jdk1.8.0_66, PROMPT=$P$G, SESSIONNAME=Console, ALLUSERSPROFILE=C:\ProgramData, PROGRAMFILES(X86)=C:\Program Files (x86), PROCESSOR_ARCHITECTURE=AMD64, JRE_HOME=C:\Program Files\Java\jre1.8.0_66, PROGRAMFILES=C:\Program Files, WINDOWS_TRACING_FLAGS=3, APPDATA=C:\Users\KSD\AppData\Roaming, PSMODULEPATH=C:\Windows\system32\WindowsPowerShell\v1.0\Modules\, PROGRAMW6432=C:\Program Files, PROGRAMDATA=C:\ProgramData, SYSTEMROOT=C:\Windows, USERNAME=KSD, PATHEXT=.COM;.EXE;.BAT;.CMD;.VBS;.VBE;.JS;.JSE;.WSF;.WSH;.MSC, OS=Windows_NT, COMMONPROGRAMW6432=C:\Program Files\Common Files, COMPUTERNAME=KSD-PC, COMMONPROGRAMFILES=C:\Program Files\Common Files, COMSPEC=C:\Windows\system32\cmd.exe, PROCESSOR_REVISION=3c03, CLASSPATH=.C:\Program Files\Java\jdk1.8.0_66\lib;C:\Program Files\Java\jdk1.8.0_66\lib\tools.jar, WINDIR=C:\Windows, =D:=D:\workspacetest\ms-eureka-server, HOMEPATH=\Users\KSD, TEMP=C:\Users\KSD\AppData\Local\Temp, HOMEDRIVE=C:, PROCESSOR_IDENTIFIER=Intel64 Family 6 Model 60 Stepping 3, GenuineIntel, USERPROFILE=C:\Users\KSD, TMP=C:\Users\KSD\AppData\Local\Temp, WINDOWS_TRACING_LOGFILE=C:\BVTBin\Tests\installpackage\csilogfile.log, M2_HOME=D:\software\maven\apache-maven-3.2.5, PUBLIC=C:\Users\Public, NUMBER_OF_PROCESSORS=4, =::=::\}}]
10:15:49.474 [main] DEBUG org.springframework.test.context.support.TestPropertySourceUtils - Adding inlined properties to environment: {spring.jmx.enabled=false, org.springframework.boot.test.context.SpringBootTestContextBootstrapper=true, server.port=-1}
10:15:49.474 [main] DEBUG org.springframework.core.env.StandardEnvironment - Adding PropertySource 'Inlined Test Properties' with highest search precedence
10:15:49.520 [main] DEBUG org.springframework.boot.context.logging.ClasspathLoggingApplicationListener - Application failed to start with classpath: [file:/C:/Users/KSD/AppData/Local/Temp/surefire8821856275345026934/surefirebooter3100017208766714432.jar]
10:15:49.541 [background-preinit] DEBUG org.jboss.logging - Logging Provider: org.jboss.logging.Log4j2LoggerProvider
10:15:49.542 [background-preinit] INFO org.hibernate.validator.internal.util.Version - HV000001: Hibernate Validator 6.0.9.Final
10:15:49.550 [background-preinit] DEBUG org.hibernate.validator.internal.engine.resolver.TraversableResolvers - Cannot find javax.persistence.Persistence on classpath. Assuming non JPA 2 environment. All properties will per default be traversable.
10:15:49.554 [background-preinit] DEBUG org.hibernate.validator.internal.xml.ValidationXmlParser - Trying to load META-INF/validation.xml for XML based Validator configuration.
10:15:49.555 [background-preinit] DEBUG org.hibernate.validator.internal.xml.ResourceLoaderHelper - Trying to load META-INF/validation.xml via TCCL
10:15:49.556 [background-preinit] DEBUG org.hibernate.validator.internal.xml.ResourceLoaderHelper - Trying to load META-INF/validation.xml via Hibernate Validator's class loader
10:15:49.556 [background-preinit] DEBUG org.hibernate.validator.internal.xml.ValidationXmlParser - No META-INF/validation.xml found. Using annotation based configuration only.
10:15:49.722 [background-preinit] DEBUG org.hibernate.validator.messageinterpolation.ResourceBundleMessageInterpolator - Loaded expression factory via original TCCL
10:15:49.727 [background-preinit] DEBUG org.hibernate.validator.internal.engine.ValidatorFactoryImpl - HV000234: Using org.hibernate.validator.messageinterpolation.ResourceBundleMessageInterpolator as ValidatorFactory-scoped message interpolator.
10:15:49.728 [background-preinit] DEBUG org.hibernate.validator.internal.engine.ValidatorFactoryImpl - HV000234: Using org.hibernate.validator.internal.engine.resolver.TraverseAllTraversableResolver as ValidatorFactory-scoped traversable resolver.
10:15:49.728 [background-preinit] DEBUG org.hibernate.validator.internal.engine.ValidatorFactoryImpl - HV000234: Using org.hibernate.validator.internal.util.ExecutableParameterNameProvider as ValidatorFactory-scoped parameter name provider.
10:15:49.728 [background-preinit] DEBUG org.hibernate.validator.internal.engine.ValidatorFactoryImpl - HV000234: Using org.hibernate.validator.internal.engine.DefaultClockProvider as ValidatorFactory-scoped clock provider.
10:15:49.728 [background-preinit] DEBUG org.hibernate.validator.internal.engine.ValidatorFactoryImpl - HV000234: Using org.hibernate.validator.internal.engine.scripting.DefaultScriptEvaluatorFactory as ValidatorFactory-scoped script evaluator factory.
10:15:50.234 [main] ERROR org.springframework.boot.SpringApplication - Application run failed
java.lang.NoSuchMethodError: org.springframework.boot.builder.SpringApplicationBuilder.<init>([Ljava/lang/Object;)V
	at org.springframework.cloud.bootstrap.BootstrapApplicationListener.bootstrapServiceContext(BootstrapApplicationListener.java:157)
	at org.springframework.cloud.bootstrap.BootstrapApplicationListener.onApplicationEvent(BootstrapApplicationListener.java:98)
	at org.springframework.cloud.bootstrap.BootstrapApplicationListener.onApplicationEvent(BootstrapApplicationListener.java:64)
	at org.springframework.context.event.SimpleApplicationEventMulticaster.doInvokeListener(SimpleApplicationEventMulticaster.java:172)
	at org.springframework.context.event.SimpleApplicationEventMulticaster.invokeListener(SimpleApplicationEventMulticaster.java:165)
	at org.springframework.context.event.SimpleApplicationEventMulticaster.multicastEvent(SimpleApplicationEventMulticaster.java:139)
	at org.springframework.context.event.SimpleApplicationEventMulticaster.multicastEvent(SimpleApplicationEventMulticaster.java:127)
	at org.springframework.boot.context.event.EventPublishingRunListener.environmentPrepared(EventPublishingRunListener.java:74)
	at org.springframework.boot.SpringApplicationRunListeners.environmentPrepared(SpringApplicationRunListeners.java:54)
	at org.springframework.boot.SpringApplication.prepareEnvironment(SpringApplication.java:358)
	at org.springframework.boot.SpringApplication.run(SpringApplication.java:317)
	at org.springframework.boot.test.context.SpringBootContextLoader.loadContext(SpringBootContextLoader.java:139)
	at org.springframework.test.context.cache.DefaultCacheAwareContextLoaderDelegate.loadContextInternal(DefaultCacheAwareContextLoaderDelegate.java:99)
	at org.springframework.test.context.cache.DefaultCacheAwareContextLoaderDelegate.loadContext(DefaultCacheAwareContextLoaderDelegate.java:117)
	at org.springframework.test.context.support.DefaultTestContext.getApplicationContext(DefaultTestContext.java:108)
	at org.springframework.test.context.web.ServletTestExecutionListener.setUpRequestContextIfNecessary(ServletTestExecutionListener.java:190)
	at org.springframework.test.context.web.ServletTestExecutionListener.prepareTestInstance(ServletTestExecutionListener.java:132)
	at org.springframework.test.context.TestContextManager.prepareTestInstance(TestContextManager.java:246)
	at org.springframework.test.context.junit4.SpringJUnit4ClassRunner.createTest(SpringJUnit4ClassRunner.java:227)
	at org.springframework.test.context.junit4.SpringJUnit4ClassRunner$1.runReflectiveCall(SpringJUnit4ClassRunner.java:289)
	at org.junit.internal.runners.model.ReflectiveCallable.run(ReflectiveCallable.java:12)
	at org.springframework.test.context.junit4.SpringJUnit4ClassRunner.methodBlock(SpringJUnit4ClassRunner.java:291)
	at org.springframework.test.context.junit4.SpringJUnit4ClassRunner.runChild(SpringJUnit4ClassRunner.java:246)
	at org.springframework.test.context.junit4.SpringJUnit4ClassRunner.runChild(SpringJUnit4ClassRunner.java:97)
	at org.junit.runners.ParentRunner$3.run(ParentRunner.java:290)
	at org.junit.runners.ParentRunner$1.schedule(ParentRunner.java:71)
	at org.junit.runners.ParentRunner.runChildren(ParentRunner.java:288)
	at org.junit.runners.ParentRunner.access$000(ParentRunner.java:58)
	at org.junit.runners.ParentRunner$2.evaluate(ParentRunner.java:268)
	at org.springframework.test.context.junit4.statements.RunBeforeTestClassCallbacks.evaluate(RunBeforeTestClassCallbacks.java:61)
	at org.springframework.test.context.junit4.statements.RunAfterTestClassCallbacks.evaluate(RunAfterTestClassCallbacks.java:70)
	at org.junit.runners.ParentRunner.run(ParentRunner.java:363)
	at org.springframework.test.context.junit4.SpringJUnit4ClassRunner.run(SpringJUnit4ClassRunner.java:190)
	at org.apache.maven.surefire.junit4.JUnit4Provider.execute(JUnit4Provider.java:365)
	at org.apache.maven.surefire.junit4.JUnit4Provider.executeWithRerun(JUnit4Provider.java:273)
	at org.apache.maven.surefire.junit4.JUnit4Provider.executeTestSet(JUnit4Provider.java:238)
	at org.apache.maven.surefire.junit4.JUnit4Provider.invoke(JUnit4Provider.java:159)
	at org.apache.maven.surefire.booter.ForkedBooter.invokeProviderInSameClassLoader(ForkedBooter.java:379)
	at org.apache.maven.surefire.booter.ForkedBooter.runSuitesInProcess(ForkedBooter.java:340)
	at org.apache.maven.surefire.booter.ForkedBooter.execute(ForkedBooter.java:125)
	at org.apache.maven.surefire.booter.ForkedBooter.main(ForkedBooter.java:413)
10:15:50.236 [main] ERROR org.springframework.test.context.TestContextManager - Caught exception while allowing TestExecutionListener [org.springframework.test.context.web.ServletTestExecutionListener@22e357dc] to prepare test instance [com.example.demo.EurekaServerApplicationTests@53045c6c]
java.lang.NoSuchMethodError: org.springframework.boot.builder.SpringApplicationBuilder.<init>([Ljava/lang/Object;)V
	at org.springframework.cloud.bootstrap.BootstrapApplicationListener.bootstrapServiceContext(BootstrapApplicationListener.java:157)
	at org.springframework.cloud.bootstrap.BootstrapApplicationListener.onApplicationEvent(BootstrapApplicationListener.java:98)
	at org.springframework.cloud.bootstrap.BootstrapApplicationListener.onApplicationEvent(BootstrapApplicationListener.java:64)
	at org.springframework.context.event.SimpleApplicationEventMulticaster.doInvokeListener(SimpleApplicationEventMulticaster.java:172)
	at org.springframework.context.event.SimpleApplicationEventMulticaster.invokeListener(SimpleApplicationEventMulticaster.java:165)
	at org.springframework.context.event.SimpleApplicationEventMulticaster.multicastEvent(SimpleApplicationEventMulticaster.java:139)
	at org.springframework.context.event.SimpleApplicationEventMulticaster.multicastEvent(SimpleApplicationEventMulticaster.java:127)
	at org.springframework.boot.context.event.EventPublishingRunListener.environmentPrepared(EventPublishingRunListener.java:74)
	at org.springframework.boot.SpringApplicationRunListeners.environmentPrepared(SpringApplicationRunListeners.java:54)
	at org.springframework.boot.SpringApplication.prepareEnvironment(SpringApplication.java:358)
	at org.springframework.boot.SpringApplication.run(SpringApplication.java:317)
	at org.springframework.boot.test.context.SpringBootContextLoader.loadContext(SpringBootContextLoader.java:139)
	at org.springframework.test.context.cache.DefaultCacheAwareContextLoaderDelegate.loadContextInternal(DefaultCacheAwareContextLoaderDelegate.java:99)
	at org.springframework.test.context.cache.DefaultCacheAwareContextLoaderDelegate.loadContext(DefaultCacheAwareContextLoaderDelegate.java:117)
	at org.springframework.test.context.support.DefaultTestContext.getApplicationContext(DefaultTestContext.java:108)
	at org.springframework.test.context.web.ServletTestExecutionListener.setUpRequestContextIfNecessary(ServletTestExecutionListener.java:190)
	at org.springframework.test.context.web.ServletTestExecutionListener.prepareTestInstance(ServletTestExecutionListener.java:132)
	at org.springframework.test.context.TestContextManager.prepareTestInstance(TestContextManager.java:246)
	at org.springframework.test.context.junit4.SpringJUnit4ClassRunner.createTest(SpringJUnit4ClassRunner.java:227)
	at org.springframework.test.context.junit4.SpringJUnit4ClassRunner$1.runReflectiveCall(SpringJUnit4ClassRunner.java:289)
	at org.junit.internal.runners.model.ReflectiveCallable.run(ReflectiveCallable.java:12)
	at org.springframework.test.context.junit4.SpringJUnit4ClassRunner.methodBlock(SpringJUnit4ClassRunner.java:291)
	at org.springframework.test.context.junit4.SpringJUnit4ClassRunner.runChild(SpringJUnit4ClassRunner.java:246)
	at org.springframework.test.context.junit4.SpringJUnit4ClassRunner.runChild(SpringJUnit4ClassRunner.java:97)
	at org.junit.runners.ParentRunner$3.run(ParentRunner.java:290)
	at org.junit.runners.ParentRunner$1.schedule(ParentRunner.java:71)
	at org.junit.runners.ParentRunner.runChildren(ParentRunner.java:288)
	at org.junit.runners.ParentRunner.access$000(ParentRunner.java:58)
	at org.junit.runners.ParentRunner$2.evaluate(ParentRunner.java:268)
	at org.springframework.test.context.junit4.statements.RunBeforeTestClassCallbacks.evaluate(RunBeforeTestClassCallbacks.java:61)
	at org.springframework.test.context.junit4.statements.RunAfterTestClassCallbacks.evaluate(RunAfterTestClassCallbacks.java:70)
	at org.junit.runners.ParentRunner.run(ParentRunner.java:363)
	at org.springframework.test.context.junit4.SpringJUnit4ClassRunner.run(SpringJUnit4ClassRunner.java:190)
	at org.apache.maven.surefire.junit4.JUnit4Provider.execute(JUnit4Provider.java:365)
	at org.apache.maven.surefire.junit4.JUnit4Provider.executeWithRerun(JUnit4Provider.java:273)
	at org.apache.maven.surefire.junit4.JUnit4Provider.executeTestSet(JUnit4Provider.java:238)
	at org.apache.maven.surefire.junit4.JUnit4Provider.invoke(JUnit4Provider.java:159)
	at org.apache.maven.surefire.booter.ForkedBooter.invokeProviderInSameClassLoader(ForkedBooter.java:379)
	at org.apache.maven.surefire.booter.ForkedBooter.runSuitesInProcess(ForkedBooter.java:340)
	at org.apache.maven.surefire.booter.ForkedBooter.execute(ForkedBooter.java:125)
	at org.apache.maven.surefire.booter.ForkedBooter.main(ForkedBooter.java:413)
]]></system-out>
  </testcase>
</testsuite>